#
# There is insufficient memory for the Java Runtime Environment to continue.
# Cannot create GC thread. Out of system resources.
# Possible reasons:
#   The system is out of physical RAM or swap space
#   In 32 bit mode, the process size limit was hit
# Possible solutions:
#   Reduce memory load on the system
#   Increase physical memory or swap space
#   Check if swap backing store is full
#   Use 64 bit Java on a 64 bit OS
#   Decrease Java heap size (-Xmx/-Xms)
#   Decrease number of Java threads
#   Decrease Java thread stack sizes (-Xss)
#   Set larger code cache with -XX:ReservedCodeCacheSize=
# This output file may be truncated or incomplete.
#
#  Out of Memory Error (gcTaskThread.cpp:46), pid=21421, tid=139769754846976
#
# JRE version:  (7.0_121) (build )
# Java VM: OpenJDK 64-Bit Server VM (24.121-b00 mixed mode linux-amd64 compressed oops)
# Derivative: IcedTea 2.6.8
# Distribution: Ubuntu 14.04 LTS, package 7u121-2.6.8-1ubuntu0.14.04.1
# Failed to write core dump. Core dumps have been disabled. To enable core dumping, try "ulimit -c unlimited" before starting Java again
#

---------------  T H R E A D  ---------------

Current thread (0x00007f1ea800a000):  JavaThread "Unknown thread" [_thread_in_vm, id=21442, stack(0x00007f1eae868000,0x00007f1eae969000)]

Stack: [0x00007f1eae868000,0x00007f1eae969000],  sp=0x00007f1eae9677c0,  free space=1021k
Native frames: (J=compiled Java code, j=interpreted, Vv=VM code, C=native code)
V  [libjvm.so+0x95d825]
V  [libjvm.so+0x497994]
V  [libjvm.so+0x552e8a]
V  [libjvm.so+0x55213f]
V  [libjvm.so+0x7f84cd]
V  [libjvm.so+0x92e057]
V  [libjvm.so+0x92e393]
V  [libjvm.so+0x5aaf95]
V  [libjvm.so+0x913e9f]
V  [libjvm.so+0x616b64]  JNI_CreateJavaVM+0x54
C  [libjli.so+0x2b48]


---------------  P R O C E S S  ---------------

Java Threads: ( => current thread )

Other Threads:

=>0x00007f1ea800a000 (exited) JavaThread "Unknown thread" [_thread_in_vm, id=21442, stack(0x00007f1eae868000,0x00007f1eae969000)]

VM state:not at safepoint (not fully initialized)

VM Mutex/Monitor currently owned by a thread: None

GC Heap History (0 events):
No events

Deoptimization events (0 events):
No events

Internal exceptions (0 events):
No events

Events (0 events):
No events


Dynamic libraries:
00400000-00401000 r-xp 00000000 08:01 1663021                            /usr/lib/jvm/java-7-openjdk-amd64/jre/bin/java
00600000-00601000 r--p 00000000 08:01 1663021                            /usr/lib/jvm/java-7-openjdk-amd64/jre/bin/java
00601000-00602000 rw-p 00001000 08:01 1663021                            /usr/lib/jvm/java-7-openjdk-amd64/jre/bin/java
00dbf000-00de0000 rw-p 00000000 00:00 0                                  [heap]
baa00000-bbf00000 rw-p 00000000 00:00 0 
bbf00000-c5000000 rw-p 00000000 00:00 0 
c5000000-c7700000 rw-p 00000000 00:00 0 
c7700000-ec500000 rw-p 00000000 00:00 0 
ec500000-ed900000 rw-p 00000000 00:00 0 
ed900000-100000000 rw-p 00000000 00:00 0 
7f1ea3f22000-7f1ea3f23000 ---p 00000000 00:00 0 
7f1ea3f23000-7f1ea4037000 rw-p 00000000 00:00 0 
7f1ea4037000-7f1ea415e000 rw-p 00000000 00:00 0 
7f1ea415e000-7f1ea4169000 rw-p 00000000 00:00 0 
7f1ea4169000-7f1ea41b1000 rw-p 00000000 00:00 0 
7f1ea41b1000-7f1ea41c5000 rw-p 00000000 00:00 0 
7f1ea41c5000-7f1ea42eb000 rw-p 00000000 00:00 0 
7f1ea42eb000-7f1ea42f6000 rw-p 00000000 00:00 0 
7f1ea42f6000-7f1ea4389000 rw-p 00000000 00:00 0 
7f1ea4389000-7f1ea438a000 rw-p 00000000 00:00 0 
7f1ea438a000-7f1ea45fa000 rwxp 00000000 00:00 0 
7f1ea45fa000-7f1ea738a000 rw-p 00000000 00:00 0 
7f1ea738a000-7f1ea7392000 r-xp 00000000 08:01 1662962                    /usr/lib/jvm/java-7-openjdk-amd64/jre/lib/amd64/libzip.so
7f1ea7392000-7f1ea7591000 ---p 00008000 08:01 1662962                    /usr/lib/jvm/java-7-openjdk-amd64/jre/lib/amd64/libzip.so
7f1ea7591000-7f1ea7592000 r--p 00007000 08:01 1662962                    /usr/lib/jvm/java-7-openjdk-amd64/jre/lib/amd64/libzip.so
7f1ea7592000-7f1ea7593000 rw-p 00008000 08:01 1662962                    /usr/lib/jvm/java-7-openjdk-amd64/jre/lib/amd64/libzip.so
7f1ea7593000-7f1ea759e000 r-xp 00000000 08:01 1570070                    /lib/x86_64-linux-gnu/libnss_files-2.23.so
7f1ea759e000-7f1ea779d000 ---p 0000b000 08:01 1570070                    /lib/x86_64-linux-gnu/libnss_files-2.23.so
7f1ea779d000-7f1ea779e000 r--p 0000a000 08:01 1570070                    /lib/x86_64-linux-gnu/libnss_files-2.23.so
7f1ea779e000-7f1ea779f000 rw-p 0000b000 08:01 1570070                    /lib/x86_64-linux-gnu/libnss_files-2.23.so
7f1ea779f000-7f1ea77a5000 rw-p 00000000 00:00 0 
7f1ea77a5000-7f1ea77b0000 r-xp 00000000 08:01 1570067                    /lib/x86_64-linux-gnu/libnss_nis-2.23.so
7f1ea77b0000-7f1ea79af000 ---p 0000b000 08:01 1570067                    /lib/x86_64-linux-gnu/libnss_nis-2.23.so
7f1ea79af000-7f1ea79b0000 r--p 0000a000 08:01 1570067                    /lib/x86_64-linux-gnu/libnss_nis-2.23.so
7f1ea79b0000-7f1ea79b1000 rw-p 0000b000 08:01 1570067                    /lib/x86_64-linux-gnu/libnss_nis-2.23.so
7f1ea79b1000-7f1ea79c7000 r-xp 00000000 08:01 1570065                    /lib/x86_64-linux-gnu/libnsl-2.23.so
7f1ea79c7000-7f1ea7bc6000 ---p 00016000 08:01 1570065                    /lib/x86_64-linux-gnu/libnsl-2.23.so
7f1ea7bc6000-7f1ea7bc7000 r--p 00015000 08:01 1570065                    /lib/x86_64-linux-gnu/libnsl-2.23.so
7f1ea7bc7000-7f1ea7bc8000 rw-p 00016000 08:01 1570065                    /lib/x86_64-linux-gnu/libnsl-2.23.so
7f1ea7bc8000-7f1ea7bca000 rw-p 00000000 00:00 0 
7f1ea7bca000-7f1ea7bd2000 r-xp 00000000 08:01 1570063                    /lib/x86_64-linux-gnu/libnss_compat-2.23.so
7f1ea7bd2000-7f1ea7dd1000 ---p 00008000 08:01 1570063                    /lib/x86_64-linux-gnu/libnss_compat-2.23.so
7f1ea7dd1000-7f1ea7dd2000 r--p 00007000 08:01 1570063                    /lib/x86_64-linux-gnu/libnss_compat-2.23.so
7f1ea7dd2000-7f1ea7dd3000 rw-p 00008000 08:01 1570063                    /lib/x86_64-linux-gnu/libnss_compat-2.23.so
7f1ea7dd3000-7f1ea7dfd000 r-xp 00000000 08:01 1662961                    /usr/lib/jvm/java-7-openjdk-amd64/jre/lib/amd64/libjava.so
7f1ea7dfd000-7f1ea7ffd000 ---p 0002a000 08:01 1662961                    /usr/lib/jvm/java-7-openjdk-amd64/jre/lib/amd64/libjava.so
7f1ea7ffd000-7f1ea7ffe000 r--p 0002a000 08:01 1662961                    /usr/lib/jvm/java-7-openjdk-amd64/jre/lib/amd64/libjava.so
7f1ea7ffe000-7f1ea8000000 rw-p 0002b000 08:01 1662961                    /usr/lib/jvm/java-7-openjdk-amd64/jre/lib/amd64/libjava.so
7f1ea8000000-7f1ea802a000 rw-p 00000000 00:00 0 
7f1ea802a000-7f1eac000000 ---p 00000000 00:00 0 
7f1eac02e000-7f1eac039000 rw-p 00000000 00:00 0 
7f1eac039000-7f1eac081000 rw-p 00000000 00:00 0 
7f1eac081000-7f1eac091000 r-xp 00000000 08:01 1662963                    /usr/lib/jvm/java-7-openjdk-amd64/jre/lib/amd64/libverify.so
7f1eac091000-7f1eac290000 ---p 00010000 08:01 1662963                    /usr/lib/jvm/java-7-openjdk-amd64/jre/lib/amd64/libverify.so
7f1eac290000-7f1eac292000 r--p 0000f000 08:01 1662963                    /usr/lib/jvm/java-7-openjdk-amd64/jre/lib/amd64/libverify.so
7f1eac292000-7f1eac293000 rw-p 00011000 08:01 1662963                    /usr/lib/jvm/java-7-openjdk-amd64/jre/lib/amd64/libverify.so
7f1eac293000-7f1eac29a000 r-xp 00000000 08:01 1570079                    /lib/x86_64-linux-gnu/librt-2.23.so
7f1eac29a000-7f1eac499000 ---p 00007000 08:01 1570079                    /lib/x86_64-linux-gnu/librt-2.23.so
7f1eac499000-7f1eac49a000 r--p 00006000 08:01 1570079                    /lib/x86_64-linux-gnu/librt-2.23.so
7f1eac49a000-7f1eac49b000 rw-p 00007000 08:01 1570079                    /lib/x86_64-linux-gnu/librt-2.23.so
7f1eac49b000-7f1eac4b1000 r-xp 00000000 08:01 1569872                    /lib/x86_64-linux-gnu/libgcc_s.so.1
7f1eac4b1000-7f1eac6b0000 ---p 00016000 08:01 1569872                    /lib/x86_64-linux-gnu/libgcc_s.so.1
7f1eac6b0000-7f1eac6b1000 rw-p 00015000 08:01 1569872                    /lib/x86_64-linux-gnu/libgcc_s.so.1
7f1eac6b1000-7f1eac7b9000 r-xp 00000000 08:01 1570076                    /lib/x86_64-linux-gnu/libm-2.23.so
7f1eac7b9000-7f1eac9b8000 ---p 00108000 08:01 1570076                    /lib/x86_64-linux-gnu/libm-2.23.so
7f1eac9b8000-7f1eac9b9000 r--p 00107000 08:01 1570076                    /lib/x86_64-linux-gnu/libm-2.23.so
7f1eac9b9000-7f1eac9ba000 rw-p 00108000 08:01 1570076                    /lib/x86_64-linux-gnu/libm-2.23.so
7f1eac9ba000-7f1eacb2c000 r-xp 00000000 08:01 1108866                    /usr/lib/x86_64-linux-gnu/libstdc++.so.6.0.21
7f1eacb2c000-7f1eacd2c000 ---p 00172000 08:01 1108866                    /usr/lib/x86_64-linux-gnu/libstdc++.so.6.0.21
7f1eacd2c000-7f1eacd36000 r--p 00172000 08:01 1108866                    /usr/lib/x86_64-linux-gnu/libstdc++.so.6.0.21
7f1eacd36000-7f1eacd38000 rw-p 0017c000 08:01 1108866                    /usr/lib/x86_64-linux-gnu/libstdc++.so.6.0.21
7f1eacd38000-7f1eacd3c000 rw-p 00000000 00:00 0 
7f1eacd3c000-7f1ead86a000 r-xp 00000000 08:01 1662935                    /usr/lib/jvm/java-7-openjdk-amd64/jre/lib/amd64/server/libjvm.so
7f1ead86a000-7f1eada6a000 ---p 00b2e000 08:01 1662935                    /usr/lib/jvm/java-7-openjdk-amd64/jre/lib/amd64/server/libjvm.so
7f1eada6a000-7f1eadb04000 r--p 00b2e000 08:01 1662935                    /usr/lib/jvm/java-7-openjdk-amd64/jre/lib/amd64/server/libjvm.so
7f1eadb04000-7f1eadb27000 rw-p 00bc8000 08:01 1662935                    /usr/lib/jvm/java-7-openjdk-amd64/jre/lib/amd64/server/libjvm.so
7f1eadb27000-7f1eadb56000 rw-p 00000000 00:00 0 
7f1eadb56000-7f1eadb6f000 r-xp 00000000 08:01 1569966                    /lib/x86_64-linux-gnu/libz.so.1.2.8
7f1eadb6f000-7f1eadd6e000 ---p 00019000 08:01 1569966                    /lib/x86_64-linux-gnu/libz.so.1.2.8
7f1eadd6e000-7f1eadd6f000 r--p 00018000 08:01 1569966                    /lib/x86_64-linux-gnu/libz.so.1.2.8
7f1eadd6f000-7f1eadd70000 rw-p 00019000 08:01 1569966                    /lib/x86_64-linux-gnu/libz.so.1.2.8
7f1eadd70000-7f1eadd88000 r-xp 00000000 08:01 1570083                    /lib/x86_64-linux-gnu/libpthread-2.23.so
7f1eadd88000-7f1eadf87000 ---p 00018000 08:01 1570083                    /lib/x86_64-linux-gnu/libpthread-2.23.so
7f1eadf87000-7f1eadf88000 r--p 00017000 08:01 1570083                    /lib/x86_64-linux-gnu/libpthread-2.23.so
7f1eadf88000-7f1eadf89000 rw-p 00018000 08:01 1570083                    /lib/x86_64-linux-gnu/libpthread-2.23.so
7f1eadf89000-7f1eadf8d000 rw-p 00000000 00:00 0 
7f1eadf8d000-7f1eadf90000 r-xp 00000000 08:01 1570085                    /lib/x86_64-linux-gnu/libdl-2.23.so
7f1eadf90000-7f1eae18f000 ---p 00003000 08:01 1570085                    /lib/x86_64-linux-gnu/libdl-2.23.so
7f1eae18f000-7f1eae190000 r--p 00002000 08:01 1570085                    /lib/x86_64-linux-gnu/libdl-2.23.so
7f1eae190000-7f1eae191000 rw-p 00003000 08:01 1570085                    /lib/x86_64-linux-gnu/libdl-2.23.so
7f1eae191000-7f1eae351000 r-xp 00000000 08:01 1570084                    /lib/x86_64-linux-gnu/libc-2.23.so
7f1eae351000-7f1eae550000 ---p 001c0000 08:01 1570084                    /lib/x86_64-linux-gnu/libc-2.23.so
7f1eae550000-7f1eae554000 r--p 001bf000 08:01 1570084                    /lib/x86_64-linux-gnu/libc-2.23.so
7f1eae554000-7f1eae556000 rw-p 001c3000 08:01 1570084                    /lib/x86_64-linux-gnu/libc-2.23.so
7f1eae556000-7f1eae55a000 rw-p 00000000 00:00 0 
7f1eae55a000-7f1eae567000 r-xp 00000000 08:01 1662967                    /usr/lib/jvm/java-7-openjdk-amd64/jre/lib/amd64/jli/libjli.so
7f1eae567000-7f1eae766000 ---p 0000d000 08:01 1662967                    /usr/lib/jvm/java-7-openjdk-amd64/jre/lib/amd64/jli/libjli.so
7f1eae766000-7f1eae767000 r--p 0000c000 08:01 1662967                    /usr/lib/jvm/java-7-openjdk-amd64/jre/lib/amd64/jli/libjli.so
7f1eae767000-7f1eae768000 rw-p 0000d000 08:01 1662967                    /usr/lib/jvm/java-7-openjdk-amd64/jre/lib/amd64/jli/libjli.so
7f1eae768000-7f1eae78e000 r-xp 00000000 08:01 1570080                    /lib/x86_64-linux-gnu/ld-2.23.so
7f1eae7a8000-7f1eae7b2000 rw-p 00000000 00:00 0 
7f1eae7b2000-7f1eae868000 rw-p 00000000 00:00 0 
7f1eae868000-7f1eae86b000 ---p 00000000 00:00 0 
7f1eae86b000-7f1eae96e000 rw-p 00000000 00:00 0 
7f1eae981000-7f1eae989000 rw-s 00000000 08:01 2674714                    /tmp/hsperfdata_sarnobat/21421
7f1eae989000-7f1eae98a000 rw-p 00000000 00:00 0 
7f1eae98a000-7f1eae98b000 r--p 00000000 00:00 0 
7f1eae98b000-7f1eae98d000 rw-p 00000000 00:00 0 
7f1eae98d000-7f1eae98e000 r--p 00025000 08:01 1570080                    /lib/x86_64-linux-gnu/ld-2.23.so
7f1eae98e000-7f1eae98f000 rw-p 00026000 08:01 1570080                    /lib/x86_64-linux-gnu/ld-2.23.so
7f1eae98f000-7f1eae990000 rw-p 00000000 00:00 0 
7ffedbfd4000-7ffedbff5000 rw-p 00000000 00:00 0                          [stack]
7ffedbff9000-7ffedbffb000 r--p 00000000 00:00 0                          [vvar]
7ffedbffb000-7ffedbffd000 r-xp 00000000 00:00 0                          [vdso]
ffffffffff600000-ffffffffff601000 r-xp 00000000 00:00 0                  [vsyscall]

VM Arguments:
jvm_args: -Dscript.name=/usr/bin/groovy -Dprogram.name=groovy -Dgroovy.starter.conf=/etc/groovy/groovy-starter.conf -Dgroovy.home=/usr/share/groovy -Dtools.jar=/usr/lib/jvm/java-7-openjdk-amd64/jre/lib/tools.jar 
java_command: org.codehaus.groovy.tools.GroovyStarter --main groovy.ui.GroovyMain --conf /etc/groovy/groovy-starter.conf --classpath . url2title.groovy /home/sarnobat/github/chrome_headless/chromedriver_linux64 perl -pe s{ &amp; }{ & }g
Launcher Type: SUN_STANDARD

Environment Variables:
JAVA_HOME=/usr/lib/jvm/java-7-openjdk-amd64/jre
PATH=/usr/bin:/bin
SHELL=/bin/sh
DISPLAY=:99

Signal Handlers:
SIGSEGV: [libjvm.so+0x95e310], sa_mask[0]=0x7ffbfeff, sa_flags=0x10000004
SIGBUS: [libjvm.so+0x95e310], sa_mask[0]=0x7ffbfeff, sa_flags=0x10000004
SIGFPE: [libjvm.so+0x7d1ef0], sa_mask[0]=0x7ffbfeff, sa_flags=0x10000004
SIGPIPE: [libjvm.so+0x7d1ef0], sa_mask[0]=0x7ffbfeff, sa_flags=0x10000004
SIGXFSZ: [libjvm.so+0x7d1ef0], sa_mask[0]=0x7ffbfeff, sa_flags=0x10000004
SIGILL: [libjvm.so+0x7d1ef0], sa_mask[0]=0x7ffbfeff, sa_flags=0x10000004
SIGUSR1: SIG_DFL, sa_mask[0]=0x00000000, sa_flags=0x00000000
SIGUSR2: [libjvm.so+0x7d2020], sa_mask[0]=0x00000000, sa_flags=0x10000004
SIGHUP: SIG_DFL, sa_mask[0]=0x00000000, sa_flags=0x00000000
SIGINT: SIG_DFL, sa_mask[0]=0x00000000, sa_flags=0x00000000
SIGTERM: SIG_DFL, sa_mask[0]=0x00000000, sa_flags=0x00000000
SIGQUIT: SIG_DFL, sa_mask[0]=0x00000000, sa_flags=0x00000000
SIGTRAP: SIG_DFL, sa_mask[0]=0x00000000, sa_flags=0x00000000


---------------  S Y S T E M  ---------------

OS:Ubuntu 16.04 (xenial)
uname:Linux 4.4.0-21-generic #37-Ubuntu SMP Mon Apr 18 18:33:37 UTC 2016 x86_64
libc:glibc 2.23 NPTL 2.23 
rlimit: STACK 8192k, CORE 0k, NPROC 14941, NOFILE 65536, AS infinity
load average:0.00 0.02 0.09

/proc/meminfo:
MemTotal:        3863864 kB
MemFree:          388116 kB
MemAvailable:    1100392 kB
Buffers:           88876 kB
Cached:           536544 kB
SwapCached:       115596 kB
Active:          2180872 kB
Inactive:        1011020 kB
Active(anon):    1813260 kB
Inactive(anon):   787416 kB
Active(file):     367612 kB
Inactive(file):   223604 kB
Unevictable:           0 kB
Mlocked:               0 kB
SwapTotal:       4007932 kB
SwapFree:        2022276 kB
Dirty:              3496 kB
Writeback:             0 kB
AnonPages:       2507692 kB
Mapped:            76040 kB
Shmem:             34052 kB
Slab:             192704 kB
SReclaimable:     150088 kB
SUnreclaim:        42616 kB
KernelStack:       14384 kB
PageTables:        32532 kB
NFS_Unstable:          0 kB
Bounce:                0 kB
WritebackTmp:          0 kB
CommitLimit:     5939864 kB
Committed_AS:    8137992 kB
VmallocTotal:   34359738367 kB
VmallocUsed:           0 kB
VmallocChunk:          0 kB
HardwareCorrupted:     0 kB
AnonHugePages:   2029568 kB
CmaTotal:              0 kB
CmaFree:               0 kB
HugePages_Total:       0
HugePages_Free:        0
HugePages_Rsvd:        0
HugePages_Surp:        0
Hugepagesize:       2048 kB
DirectMap4k:      198272 kB
DirectMap2M:     3811328 kB


CPU:total 4 (2 cores per cpu, 2 threads per core) family 6 model 58 stepping 9, cmov, cx8, fxsr, mmx, sse, sse2, sse3, ssse3, sse4.1, sse4.2, popcnt, avx, aes, erms, ht, tsc, tscinvbit, tscinv

/proc/cpuinfo:
processor	: 0
vendor_id	: GenuineIntel
cpu family	: 6
model		: 58
model name	: Intel(R) Core(TM) i5-3427U CPU @ 1.80GHz
stepping	: 9
microcode	: 0x17
cpu MHz		: 2599.988
cache size	: 3072 KB
physical id	: 0
siblings	: 4
core id		: 0
cpu cores	: 2
apicid		: 0
initial apicid	: 0
fpu		: yes
fpu_exception	: yes
cpuid level	: 13
wp		: yes
flags		: fpu vme de pse tsc msr pae mce cx8 apic sep mtrr pge mca cmov pat pse36 clflush dts acpi mmx fxsr sse sse2 ss ht tm pbe syscall nx rdtscp lm constant_tsc arch_perfmon pebs bts rep_good nopl xtopology nonstop_tsc aperfmperf eagerfpu pni pclmulqdq dtes64 monitor ds_cpl vmx smx est tm2 ssse3 cx16 xtpr pdcm pcid sse4_1 sse4_2 x2apic popcnt tsc_deadline_timer aes xsave avx f16c rdrand lahf_lm epb tpr_shadow vnmi flexpriority ept vpid fsgsbase smep erms xsaveopt dtherm ida arat pln pts
bugs		:
bogomips	: 4589.65
clflush size	: 64
cache_alignment	: 64
address sizes	: 36 bits physical, 48 bits virtual
power management:

processor	: 1
vendor_id	: GenuineIntel
cpu family	: 6
model		: 58
model name	: Intel(R) Core(TM) i5-3427U CPU @ 1.80GHz
stepping	: 9
microcode	: 0x17
cpu MHz		: 2625.773
cache size	: 3072 KB
physical id	: 0
siblings	: 4
core id		: 1
cpu cores	: 2
apicid		: 2
initial apicid	: 2
fpu		: yes
fpu_exception	: yes
cpuid level	: 13
wp		: yes
flags		: fpu vme de pse tsc msr pae mce cx8 apic sep mtrr pge mca cmov pat pse36 clflush dts acpi mmx fxsr sse sse2 ss ht tm pbe syscall nx rdtscp lm constant_tsc arch_perfmon pebs bts rep_good nopl xtopology nonstop_tsc aperfmperf eagerfpu pni pclmulqdq dtes64 monitor ds_cpl vmx smx est tm2 ssse3 cx16 xtpr pdcm pcid sse4_1 sse4_2 x2apic popcnt tsc_deadline_timer aes xsave avx f16c rdrand lahf_lm epb tpr_shadow vnmi flexpriority ept vpid fsgsbase smep erms xsaveopt dtherm ida arat pln pts
bugs		:
bogomips	: 4589.65
clflush size	: 64
cache_alignment	: 64
address sizes	: 36 bits physical, 48 bits virtual
power management:

processor	: 2
vendor_id	: GenuineIntel
cpu family	: 6
model		: 58
model name	: Intel(R) Core(TM) i5-3427U CPU @ 1.80GHz
stepping	: 9
microcode	: 0x17
cpu MHz		: 2601.785
cache size	: 3072 KB
physical id	: 0
siblings	: 4
core id		: 0
cpu cores	: 2
apicid		: 1
initial apicid	: 1
fpu		: yes
fpu_exception	: yes
cpuid level	: 13
wp		: yes
flags		: fpu vme de pse tsc msr pae mce cx8 apic sep mtrr pge mca cmov pat pse36 clflush dts acpi mmx fxsr sse sse2 ss ht tm pbe syscall nx rdtscp lm constant_tsc arch_perfmon pebs bts rep_good nopl xtopology nonstop_tsc aperfmperf eagerfpu pni pclmulqdq dtes64 monitor ds_cpl vmx smx est tm2 ssse3 cx16 xtpr pdcm pcid sse4_1 sse4_2 x2apic popcnt tsc_deadline_timer aes xsave avx f16c rdrand lahf_lm epb tpr_shadow vnmi flexpriority ept vpid fsgsbase smep erms xsaveopt dtherm ida arat pln pts
bugs		:
bogomips	: 4589.65
clflush size	: 64
cache_alignment	: 64
address sizes	: 36 bits physical, 48 bits virtual
power management:

processor	: 3
vendor_id	: GenuineIntel
cpu family	: 6
model		: 58
model name	: Intel(R) Core(TM) i5-3427U CPU @ 1.80GHz
stepping	: 9
microcode	: 0x17
cpu MHz		: 2665.753
cache size	: 3072 KB
physical id	: 0
siblings	: 4
core id		: 1
cpu cores	: 2
apicid		: 3
initial apicid	: 3
fpu		: yes
fpu_exception	: yes
cpuid level	: 13
wp		: yes
flags		: fpu vme de pse tsc msr pae mce cx8 apic sep mtrr pge mca cmov pat pse36 clflush dts acpi mmx fxsr sse sse2 ss ht tm pbe syscall nx rdtscp lm constant_tsc arch_perfmon pebs bts rep_good nopl xtopology nonstop_tsc aperfmperf eagerfpu pni pclmulqdq dtes64 monitor ds_cpl vmx smx est tm2 ssse3 cx16 xtpr pdcm pcid sse4_1 sse4_2 x2apic popcnt tsc_deadline_timer aes xsave avx f16c rdrand lahf_lm epb tpr_shadow vnmi flexpriority ept vpid fsgsbase smep erms xsaveopt dtherm ida arat pln pts
bugs		:
bogomips	: 4589.65
clflush size	: 64
cache_alignment	: 64
address sizes	: 36 bits physical, 48 bits virtual
power management:



Memory: 4k page, physical 3863864k(388116k free), swap 4007932k(2022276k free)

vm_info: OpenJDK 64-Bit Server VM (24.121-b00) for linux-amd64 JRE (1.7.0_121-b00), built on Nov 16 2016 00:46:21 by "buildd" with gcc 4.8.4

time: Wed Sep 20 02:35:02 2017
elapsed time: 0 seconds

