#
# There is insufficient memory for the Java Runtime Environment to continue.
# Cannot create GC thread. Out of system resources.
# Possible reasons:
#   The system is out of physical RAM or swap space
#   In 32 bit mode, the process size limit was hit
# Possible solutions:
#   Reduce memory load on the system
#   Increase physical memory or swap space
#   Check if swap backing store is full
#   Use 64 bit Java on a 64 bit OS
#   Decrease Java heap size (-Xmx/-Xms)
#   Decrease number of Java threads
#   Decrease Java thread stack sizes (-Xss)
#   Set larger code cache with -XX:ReservedCodeCacheSize=
# This output file may be truncated or incomplete.
#
#  Out of Memory Error (gcTaskThread.cpp:46), pid=22398, tid=139654105577216
#
# JRE version:  (7.0_121) (build )
# Java VM: OpenJDK 64-Bit Server VM (24.121-b00 mixed mode linux-amd64 compressed oops)
# Derivative: IcedTea 2.6.8
# Distribution: Ubuntu 14.04 LTS, package 7u121-2.6.8-1ubuntu0.14.04.1
# Failed to write core dump. Core dumps have been disabled. To enable core dumping, try "ulimit -c unlimited" before starting Java again
#

---------------  T H R E A D  ---------------

Current thread (0x00007f03b800a000):  JavaThread "Unknown thread" [_thread_in_vm, id=22419, stack(0x00007f03c14ab000,0x00007f03c15ac000)]

Stack: [0x00007f03c14ab000,0x00007f03c15ac000],  sp=0x00007f03c15aa7c0,  free space=1021k
Native frames: (J=compiled Java code, j=interpreted, Vv=VM code, C=native code)
V  [libjvm.so+0x95d825]
V  [libjvm.so+0x497994]
V  [libjvm.so+0x552e8a]
V  [libjvm.so+0x55213f]
V  [libjvm.so+0x7f84cd]
V  [libjvm.so+0x92e057]
V  [libjvm.so+0x92e393]
V  [libjvm.so+0x5aaf95]
V  [libjvm.so+0x913e9f]
V  [libjvm.so+0x616b64]  JNI_CreateJavaVM+0x54
C  [libjli.so+0x2b48]


---------------  P R O C E S S  ---------------

Java Threads: ( => current thread )

Other Threads:

=>0x00007f03b800a000 (exited) JavaThread "Unknown thread" [_thread_in_vm, id=22419, stack(0x00007f03c14ab000,0x00007f03c15ac000)]

VM state:not at safepoint (not fully initialized)

VM Mutex/Monitor currently owned by a thread: None

GC Heap History (0 events):
No events

Deoptimization events (0 events):
No events

Internal exceptions (0 events):
No events

Events (0 events):
No events


Dynamic libraries:
00400000-00401000 r-xp 00000000 08:01 1663021                            /usr/lib/jvm/java-7-openjdk-amd64/jre/bin/java
00600000-00601000 r--p 00000000 08:01 1663021                            /usr/lib/jvm/java-7-openjdk-amd64/jre/bin/java
00601000-00602000 rw-p 00001000 08:01 1663021                            /usr/lib/jvm/java-7-openjdk-amd64/jre/bin/java
00943000-00964000 rw-p 00000000 00:00 0                                  [heap]
baa00000-bbf00000 rw-p 00000000 00:00 0 
bbf00000-c5000000 rw-p 00000000 00:00 0 
c5000000-c7700000 rw-p 00000000 00:00 0 
c7700000-ec500000 rw-p 00000000 00:00 0 
ec500000-ed900000 rw-p 00000000 00:00 0 
ed900000-100000000 rw-p 00000000 00:00 0 
7f03b5000000-7f03b5270000 rwxp 00000000 00:00 0 
7f03b5270000-7f03b802c000 rw-p 00000000 00:00 0 
7f03b802c000-7f03bc000000 ---p 00000000 00:00 0 
7f03bda92000-7f03bda93000 ---p 00000000 00:00 0 
7f03bda93000-7f03bdb93000 rw-p 00000000 00:00 0 
7f03bdb93000-7f03bdb94000 ---p 00000000 00:00 0 
7f03bdb94000-7f03bdc9f000 rw-p 00000000 00:00 0 
7f03bdc9f000-7f03bdce7000 rw-p 00000000 00:00 0 
7f03bdce7000-7f03bdcfb000 rw-p 00000000 00:00 0 
7f03bdcfb000-7f03bde22000 rw-p 00000000 00:00 0 
7f03bde22000-7f03bde2d000 rw-p 00000000 00:00 0 
7f03bde2d000-7f03bde75000 rw-p 00000000 00:00 0 
7f03bde75000-7f03bde89000 rw-p 00000000 00:00 0 
7f03bde89000-7f03bdfaf000 rw-p 00000000 00:00 0 
7f03bdfaf000-7f03bdfba000 rw-p 00000000 00:00 0 
7f03bdfba000-7f03be04d000 rw-p 00000000 00:00 0 
7f03be04d000-7f03be04e000 rw-p 00000000 00:00 0 
7f03be04e000-7f03be056000 r-xp 00000000 08:01 1662962                    /usr/lib/jvm/java-7-openjdk-amd64/jre/lib/amd64/libzip.so
7f03be056000-7f03be255000 ---p 00008000 08:01 1662962                    /usr/lib/jvm/java-7-openjdk-amd64/jre/lib/amd64/libzip.so
7f03be255000-7f03be256000 r--p 00007000 08:01 1662962                    /usr/lib/jvm/java-7-openjdk-amd64/jre/lib/amd64/libzip.so
7f03be256000-7f03be257000 rw-p 00008000 08:01 1662962                    /usr/lib/jvm/java-7-openjdk-amd64/jre/lib/amd64/libzip.so
7f03be257000-7f03be262000 r-xp 00000000 08:01 1570070                    /lib/x86_64-linux-gnu/libnss_files-2.23.so
7f03be262000-7f03be461000 ---p 0000b000 08:01 1570070                    /lib/x86_64-linux-gnu/libnss_files-2.23.so
7f03be461000-7f03be462000 r--p 0000a000 08:01 1570070                    /lib/x86_64-linux-gnu/libnss_files-2.23.so
7f03be462000-7f03be463000 rw-p 0000b000 08:01 1570070                    /lib/x86_64-linux-gnu/libnss_files-2.23.so
7f03be463000-7f03be469000 rw-p 00000000 00:00 0 
7f03be469000-7f03be474000 r-xp 00000000 08:01 1570067                    /lib/x86_64-linux-gnu/libnss_nis-2.23.so
7f03be474000-7f03be673000 ---p 0000b000 08:01 1570067                    /lib/x86_64-linux-gnu/libnss_nis-2.23.so
7f03be673000-7f03be674000 r--p 0000a000 08:01 1570067                    /lib/x86_64-linux-gnu/libnss_nis-2.23.so
7f03be674000-7f03be675000 rw-p 0000b000 08:01 1570067                    /lib/x86_64-linux-gnu/libnss_nis-2.23.so
7f03be675000-7f03be68b000 r-xp 00000000 08:01 1570065                    /lib/x86_64-linux-gnu/libnsl-2.23.so
7f03be68b000-7f03be88a000 ---p 00016000 08:01 1570065                    /lib/x86_64-linux-gnu/libnsl-2.23.so
7f03be88a000-7f03be88b000 r--p 00015000 08:01 1570065                    /lib/x86_64-linux-gnu/libnsl-2.23.so
7f03be88b000-7f03be88c000 rw-p 00016000 08:01 1570065                    /lib/x86_64-linux-gnu/libnsl-2.23.so
7f03be88c000-7f03be88e000 rw-p 00000000 00:00 0 
7f03be88e000-7f03be896000 r-xp 00000000 08:01 1570063                    /lib/x86_64-linux-gnu/libnss_compat-2.23.so
7f03be896000-7f03bea95000 ---p 00008000 08:01 1570063                    /lib/x86_64-linux-gnu/libnss_compat-2.23.so
7f03bea95000-7f03bea96000 r--p 00007000 08:01 1570063                    /lib/x86_64-linux-gnu/libnss_compat-2.23.so
7f03bea96000-7f03bea97000 rw-p 00008000 08:01 1570063                    /lib/x86_64-linux-gnu/libnss_compat-2.23.so
7f03bea97000-7f03beac1000 r-xp 00000000 08:01 1662961                    /usr/lib/jvm/java-7-openjdk-amd64/jre/lib/amd64/libjava.so
7f03beac1000-7f03becc1000 ---p 0002a000 08:01 1662961                    /usr/lib/jvm/java-7-openjdk-amd64/jre/lib/amd64/libjava.so
7f03becc1000-7f03becc2000 r--p 0002a000 08:01 1662961                    /usr/lib/jvm/java-7-openjdk-amd64/jre/lib/amd64/libjava.so
7f03becc2000-7f03becc4000 rw-p 0002b000 08:01 1662961                    /usr/lib/jvm/java-7-openjdk-amd64/jre/lib/amd64/libjava.so
7f03becc4000-7f03becd4000 r-xp 00000000 08:01 1662963                    /usr/lib/jvm/java-7-openjdk-amd64/jre/lib/amd64/libverify.so
7f03becd4000-7f03beed3000 ---p 00010000 08:01 1662963                    /usr/lib/jvm/java-7-openjdk-amd64/jre/lib/amd64/libverify.so
7f03beed3000-7f03beed5000 r--p 0000f000 08:01 1662963                    /usr/lib/jvm/java-7-openjdk-amd64/jre/lib/amd64/libverify.so
7f03beed5000-7f03beed6000 rw-p 00011000 08:01 1662963                    /usr/lib/jvm/java-7-openjdk-amd64/jre/lib/amd64/libverify.so
7f03beed6000-7f03beedd000 r-xp 00000000 08:01 1570079                    /lib/x86_64-linux-gnu/librt-2.23.so
7f03beedd000-7f03bf0dc000 ---p 00007000 08:01 1570079                    /lib/x86_64-linux-gnu/librt-2.23.so
7f03bf0dc000-7f03bf0dd000 r--p 00006000 08:01 1570079                    /lib/x86_64-linux-gnu/librt-2.23.so
7f03bf0dd000-7f03bf0de000 rw-p 00007000 08:01 1570079                    /lib/x86_64-linux-gnu/librt-2.23.so
7f03bf0de000-7f03bf0f4000 r-xp 00000000 08:01 1569872                    /lib/x86_64-linux-gnu/libgcc_s.so.1
7f03bf0f4000-7f03bf2f3000 ---p 00016000 08:01 1569872                    /lib/x86_64-linux-gnu/libgcc_s.so.1
7f03bf2f3000-7f03bf2f4000 rw-p 00015000 08:01 1569872                    /lib/x86_64-linux-gnu/libgcc_s.so.1
7f03bf2f4000-7f03bf3fc000 r-xp 00000000 08:01 1570076                    /lib/x86_64-linux-gnu/libm-2.23.so
7f03bf3fc000-7f03bf5fb000 ---p 00108000 08:01 1570076                    /lib/x86_64-linux-gnu/libm-2.23.so
7f03bf5fb000-7f03bf5fc000 r--p 00107000 08:01 1570076                    /lib/x86_64-linux-gnu/libm-2.23.so
7f03bf5fc000-7f03bf5fd000 rw-p 00108000 08:01 1570076                    /lib/x86_64-linux-gnu/libm-2.23.so
7f03bf5fd000-7f03bf76f000 r-xp 00000000 08:01 1108866                    /usr/lib/x86_64-linux-gnu/libstdc++.so.6.0.21
7f03bf76f000-7f03bf96f000 ---p 00172000 08:01 1108866                    /usr/lib/x86_64-linux-gnu/libstdc++.so.6.0.21
7f03bf96f000-7f03bf979000 r--p 00172000 08:01 1108866                    /usr/lib/x86_64-linux-gnu/libstdc++.so.6.0.21
7f03bf979000-7f03bf97b000 rw-p 0017c000 08:01 1108866                    /usr/lib/x86_64-linux-gnu/libstdc++.so.6.0.21
7f03bf97b000-7f03bf97f000 rw-p 00000000 00:00 0 
7f03bf97f000-7f03c04ad000 r-xp 00000000 08:01 1662935                    /usr/lib/jvm/java-7-openjdk-amd64/jre/lib/amd64/server/libjvm.so
7f03c04ad000-7f03c06ad000 ---p 00b2e000 08:01 1662935                    /usr/lib/jvm/java-7-openjdk-amd64/jre/lib/amd64/server/libjvm.so
7f03c06ad000-7f03c0747000 r--p 00b2e000 08:01 1662935                    /usr/lib/jvm/java-7-openjdk-amd64/jre/lib/amd64/server/libjvm.so
7f03c0747000-7f03c076a000 rw-p 00bc8000 08:01 1662935                    /usr/lib/jvm/java-7-openjdk-amd64/jre/lib/amd64/server/libjvm.so
7f03c076a000-7f03c0799000 rw-p 00000000 00:00 0 
7f03c0799000-7f03c07b2000 r-xp 00000000 08:01 1569966                    /lib/x86_64-linux-gnu/libz.so.1.2.8
7f03c07b2000-7f03c09b1000 ---p 00019000 08:01 1569966                    /lib/x86_64-linux-gnu/libz.so.1.2.8
7f03c09b1000-7f03c09b2000 r--p 00018000 08:01 1569966                    /lib/x86_64-linux-gnu/libz.so.1.2.8
7f03c09b2000-7f03c09b3000 rw-p 00019000 08:01 1569966                    /lib/x86_64-linux-gnu/libz.so.1.2.8
7f03c09b3000-7f03c09cb000 r-xp 00000000 08:01 1570083                    /lib/x86_64-linux-gnu/libpthread-2.23.so
7f03c09cb000-7f03c0bca000 ---p 00018000 08:01 1570083                    /lib/x86_64-linux-gnu/libpthread-2.23.so
7f03c0bca000-7f03c0bcb000 r--p 00017000 08:01 1570083                    /lib/x86_64-linux-gnu/libpthread-2.23.so
7f03c0bcb000-7f03c0bcc000 rw-p 00018000 08:01 1570083                    /lib/x86_64-linux-gnu/libpthread-2.23.so
7f03c0bcc000-7f03c0bd0000 rw-p 00000000 00:00 0 
7f03c0bd0000-7f03c0bd3000 r-xp 00000000 08:01 1570085                    /lib/x86_64-linux-gnu/libdl-2.23.so
7f03c0bd3000-7f03c0dd2000 ---p 00003000 08:01 1570085                    /lib/x86_64-linux-gnu/libdl-2.23.so
7f03c0dd2000-7f03c0dd3000 r--p 00002000 08:01 1570085                    /lib/x86_64-linux-gnu/libdl-2.23.so
7f03c0dd3000-7f03c0dd4000 rw-p 00003000 08:01 1570085                    /lib/x86_64-linux-gnu/libdl-2.23.so
7f03c0dd4000-7f03c0f94000 r-xp 00000000 08:01 1570084                    /lib/x86_64-linux-gnu/libc-2.23.so
7f03c0f94000-7f03c1193000 ---p 001c0000 08:01 1570084                    /lib/x86_64-linux-gnu/libc-2.23.so
7f03c1193000-7f03c1197000 r--p 001bf000 08:01 1570084                    /lib/x86_64-linux-gnu/libc-2.23.so
7f03c1197000-7f03c1199000 rw-p 001c3000 08:01 1570084                    /lib/x86_64-linux-gnu/libc-2.23.so
7f03c1199000-7f03c119d000 rw-p 00000000 00:00 0 
7f03c119d000-7f03c11aa000 r-xp 00000000 08:01 1662967                    /usr/lib/jvm/java-7-openjdk-amd64/jre/lib/amd64/jli/libjli.so
7f03c11aa000-7f03c13a9000 ---p 0000d000 08:01 1662967                    /usr/lib/jvm/java-7-openjdk-amd64/jre/lib/amd64/jli/libjli.so
7f03c13a9000-7f03c13aa000 r--p 0000c000 08:01 1662967                    /usr/lib/jvm/java-7-openjdk-amd64/jre/lib/amd64/jli/libjli.so
7f03c13aa000-7f03c13ab000 rw-p 0000d000 08:01 1662967                    /usr/lib/jvm/java-7-openjdk-amd64/jre/lib/amd64/jli/libjli.so
7f03c13ab000-7f03c13d1000 r-xp 00000000 08:01 1570080                    /lib/x86_64-linux-gnu/ld-2.23.so
7f03c13eb000-7f03c13f5000 rw-p 00000000 00:00 0 
7f03c13f5000-7f03c14ab000 rw-p 00000000 00:00 0 
7f03c14ab000-7f03c14ae000 ---p 00000000 00:00 0 
7f03c14ae000-7f03c15b1000 rw-p 00000000 00:00 0 
7f03c15c4000-7f03c15cc000 rw-s 00000000 08:01 2845390                    /tmp/hsperfdata_sarnobat/22398
7f03c15cc000-7f03c15cd000 rw-p 00000000 00:00 0 
7f03c15cd000-7f03c15ce000 r--p 00000000 00:00 0 
7f03c15ce000-7f03c15d0000 rw-p 00000000 00:00 0 
7f03c15d0000-7f03c15d1000 r--p 00025000 08:01 1570080                    /lib/x86_64-linux-gnu/ld-2.23.so
7f03c15d1000-7f03c15d2000 rw-p 00026000 08:01 1570080                    /lib/x86_64-linux-gnu/ld-2.23.so
7f03c15d2000-7f03c15d3000 rw-p 00000000 00:00 0 
7ffd78ce0000-7ffd78d01000 rw-p 00000000 00:00 0                          [stack]
7ffd78db2000-7ffd78db4000 r--p 00000000 00:00 0                          [vvar]
7ffd78db4000-7ffd78db6000 r-xp 00000000 00:00 0                          [vdso]
ffffffffff600000-ffffffffff601000 r-xp 00000000 00:00 0                  [vsyscall]

VM Arguments:
jvm_args: -Dscript.name=/usr/bin/groovy -Dprogram.name=groovy -Dgroovy.starter.conf=/etc/groovy/groovy-starter.conf -Dgroovy.home=/usr/share/groovy -Dtools.jar=/usr/lib/jvm/java-7-openjdk-amd64/jre/lib/tools.jar 
java_command: org.codehaus.groovy.tools.GroovyStarter --main groovy.ui.GroovyMain --conf /etc/groovy/groovy-starter.conf --classpath . url2title.groovy /home/sarnobat/github/chrome_headless/chromedriver_linux64 perl -pe s{ &amp; }{ & }g
Launcher Type: SUN_STANDARD

Environment Variables:
JAVA_HOME=/usr/lib/jvm/java-7-openjdk-amd64/jre
PATH=/usr/bin:/bin
SHELL=/bin/sh
DISPLAY=:99

Signal Handlers:
SIGSEGV: [libjvm.so+0x95e310], sa_mask[0]=0x7ffbfeff, sa_flags=0x10000004
SIGBUS: [libjvm.so+0x95e310], sa_mask[0]=0x7ffbfeff, sa_flags=0x10000004
SIGFPE: [libjvm.so+0x7d1ef0], sa_mask[0]=0x7ffbfeff, sa_flags=0x10000004
SIGPIPE: [libjvm.so+0x7d1ef0], sa_mask[0]=0x7ffbfeff, sa_flags=0x10000004
SIGXFSZ: [libjvm.so+0x7d1ef0], sa_mask[0]=0x7ffbfeff, sa_flags=0x10000004
SIGILL: [libjvm.so+0x7d1ef0], sa_mask[0]=0x7ffbfeff, sa_flags=0x10000004
SIGUSR1: SIG_DFL, sa_mask[0]=0x00000000, sa_flags=0x00000000
SIGUSR2: [libjvm.so+0x7d2020], sa_mask[0]=0x00000000, sa_flags=0x10000004
SIGHUP: SIG_DFL, sa_mask[0]=0x00000000, sa_flags=0x00000000
SIGINT: SIG_DFL, sa_mask[0]=0x00000000, sa_flags=0x00000000
SIGTERM: SIG_DFL, sa_mask[0]=0x00000000, sa_flags=0x00000000
SIGQUIT: SIG_DFL, sa_mask[0]=0x00000000, sa_flags=0x00000000
SIGTRAP: SIG_DFL, sa_mask[0]=0x00000000, sa_flags=0x00000000


---------------  S Y S T E M  ---------------

OS:Ubuntu 16.04 (xenial)
uname:Linux 4.4.0-21-generic #37-Ubuntu SMP Mon Apr 18 18:33:37 UTC 2016 x86_64
libc:glibc 2.23 NPTL 2.23 
rlimit: STACK 8192k, CORE 0k, NPROC 14941, NOFILE 65536, AS infinity
load average:0.01 0.03 0.05

/proc/meminfo:
MemTotal:        3863864 kB
MemFree:          163936 kB
MemAvailable:    1272852 kB
Buffers:           87752 kB
Cached:           898296 kB
SwapCached:       128460 kB
Active:          1802652 kB
Inactive:        1562596 kB
Active(anon):    1532664 kB
Inactive(anon):   886300 kB
Active(file):     269988 kB
Inactive(file):   676296 kB
Unevictable:           0 kB
Mlocked:               0 kB
SwapTotal:       4007932 kB
SwapFree:        2154940 kB
Dirty:              3488 kB
Writeback:             0 kB
AnonPages:       2363796 kB
Mapped:            79088 kB
Shmem:             39328 kB
Slab:             241624 kB
SReclaimable:     191660 kB
SUnreclaim:        49964 kB
KernelStack:       15056 kB
PageTables:        34044 kB
NFS_Unstable:          0 kB
Bounce:                0 kB
WritebackTmp:          0 kB
CommitLimit:     5939864 kB
Committed_AS:    8555848 kB
VmallocTotal:   34359738367 kB
VmallocUsed:           0 kB
VmallocChunk:          0 kB
HardwareCorrupted:     0 kB
AnonHugePages:   1284096 kB
CmaTotal:              0 kB
CmaFree:               0 kB
HugePages_Total:       0
HugePages_Free:        0
HugePages_Rsvd:        0
HugePages_Surp:        0
Hugepagesize:       2048 kB
DirectMap4k:      374400 kB
DirectMap2M:     3635200 kB


CPU:total 4 (2 cores per cpu, 2 threads per core) family 6 model 58 stepping 9, cmov, cx8, fxsr, mmx, sse, sse2, sse3, ssse3, sse4.1, sse4.2, popcnt, avx, aes, erms, ht, tsc, tscinvbit, tscinv

/proc/cpuinfo:
processor	: 0
vendor_id	: GenuineIntel
cpu family	: 6
model		: 58
model name	: Intel(R) Core(TM) i5-3427U CPU @ 1.80GHz
stepping	: 9
microcode	: 0x17
cpu MHz		: 2634.757
cache size	: 3072 KB
physical id	: 0
siblings	: 4
core id		: 0
cpu cores	: 2
apicid		: 0
initial apicid	: 0
fpu		: yes
fpu_exception	: yes
cpuid level	: 13
wp		: yes
flags		: fpu vme de pse tsc msr pae mce cx8 apic sep mtrr pge mca cmov pat pse36 clflush dts acpi mmx fxsr sse sse2 ss ht tm pbe syscall nx rdtscp lm constant_tsc arch_perfmon pebs bts rep_good nopl xtopology nonstop_tsc aperfmperf eagerfpu pni pclmulqdq dtes64 monitor ds_cpl vmx smx est tm2 ssse3 cx16 xtpr pdcm pcid sse4_1 sse4_2 x2apic popcnt tsc_deadline_timer aes xsave avx f16c rdrand lahf_lm epb tpr_shadow vnmi flexpriority ept vpid fsgsbase smep erms xsaveopt dtherm ida arat pln pts
bugs		:
bogomips	: 4589.78
clflush size	: 64
cache_alignment	: 64
address sizes	: 36 bits physical, 48 bits virtual
power management:

processor	: 1
vendor_id	: GenuineIntel
cpu family	: 6
model		: 58
model name	: Intel(R) Core(TM) i5-3427U CPU @ 1.80GHz
stepping	: 9
microcode	: 0x17
cpu MHz		: 2629.367
cache size	: 3072 KB
physical id	: 0
siblings	: 4
core id		: 1
cpu cores	: 2
apicid		: 2
initial apicid	: 2
fpu		: yes
fpu_exception	: yes
cpuid level	: 13
wp		: yes
flags		: fpu vme de pse tsc msr pae mce cx8 apic sep mtrr pge mca cmov pat pse36 clflush dts acpi mmx fxsr sse sse2 ss ht tm pbe syscall nx rdtscp lm constant_tsc arch_perfmon pebs bts rep_good nopl xtopology nonstop_tsc aperfmperf eagerfpu pni pclmulqdq dtes64 monitor ds_cpl vmx smx est tm2 ssse3 cx16 xtpr pdcm pcid sse4_1 sse4_2 x2apic popcnt tsc_deadline_timer aes xsave avx f16c rdrand lahf_lm epb tpr_shadow vnmi flexpriority ept vpid fsgsbase smep erms xsaveopt dtherm ida arat pln pts
bugs		:
bogomips	: 4589.78
clflush size	: 64
cache_alignment	: 64
address sizes	: 36 bits physical, 48 bits virtual
power management:

processor	: 2
vendor_id	: GenuineIntel
cpu family	: 6
model		: 58
model name	: Intel(R) Core(TM) i5-3427U CPU @ 1.80GHz
stepping	: 9
microcode	: 0x17
cpu MHz		: 2611.128
cache size	: 3072 KB
physical id	: 0
siblings	: 4
core id		: 0
cpu cores	: 2
apicid		: 1
initial apicid	: 1
fpu		: yes
fpu_exception	: yes
cpuid level	: 13
wp		: yes
flags		: fpu vme de pse tsc msr pae mce cx8 apic sep mtrr pge mca cmov pat pse36 clflush dts acpi mmx fxsr sse sse2 ss ht tm pbe syscall nx rdtscp lm constant_tsc arch_perfmon pebs bts rep_good nopl xtopology nonstop_tsc aperfmperf eagerfpu pni pclmulqdq dtes64 monitor ds_cpl vmx smx est tm2 ssse3 cx16 xtpr pdcm pcid sse4_1 sse4_2 x2apic popcnt tsc_deadline_timer aes xsave avx f16c rdrand lahf_lm epb tpr_shadow vnmi flexpriority ept vpid fsgsbase smep erms xsaveopt dtherm ida arat pln pts
bugs		:
bogomips	: 4589.78
clflush size	: 64
cache_alignment	: 64
address sizes	: 36 bits physical, 48 bits virtual
power management:

processor	: 3
vendor_id	: GenuineIntel
cpu family	: 6
model		: 58
model name	: Intel(R) Core(TM) i5-3427U CPU @ 1.80GHz
stepping	: 9
microcode	: 0x17
cpu MHz		: 2617.417
cache size	: 3072 KB
physical id	: 0
siblings	: 4
core id		: 1
cpu cores	: 2
apicid		: 3
initial apicid	: 3
fpu		: yes
fpu_exception	: yes
cpuid level	: 13
wp		: yes
flags		: fpu vme de pse tsc msr pae mce cx8 apic sep mtrr pge mca cmov pat pse36 clflush dts acpi mmx fxsr sse sse2 ss ht tm pbe syscall nx rdtscp lm constant_tsc arch_perfmon pebs bts rep_good nopl xtopology nonstop_tsc aperfmperf eagerfpu pni pclmulqdq dtes64 monitor ds_cpl vmx smx est tm2 ssse3 cx16 xtpr pdcm pcid sse4_1 sse4_2 x2apic popcnt tsc_deadline_timer aes xsave avx f16c rdrand lahf_lm epb tpr_shadow vnmi flexpriority ept vpid fsgsbase smep erms xsaveopt dtherm ida arat pln pts
bugs		:
bogomips	: 4589.78
clflush size	: 64
cache_alignment	: 64
address sizes	: 36 bits physical, 48 bits virtual
power management:



Memory: 4k page, physical 3863864k(163936k free), swap 4007932k(2154940k free)

vm_info: OpenJDK 64-Bit Server VM (24.121-b00) for linux-amd64 JRE (1.7.0_121-b00), built on Nov 16 2016 00:46:21 by "buildd" with gcc 4.8.4

time: Sat Sep 30 11:50:02 2017
elapsed time: 0 seconds

