#
# There is insufficient memory for the Java Runtime Environment to continue.
# Cannot create GC thread. Out of system resources.
# Possible reasons:
#   The system is out of physical RAM or swap space
#   In 32 bit mode, the process size limit was hit
# Possible solutions:
#   Reduce memory load on the system
#   Increase physical memory or swap space
#   Check if swap backing store is full
#   Use 64 bit Java on a 64 bit OS
#   Decrease Java heap size (-Xmx/-Xms)
#   Decrease number of Java threads
#   Decrease Java thread stack sizes (-Xss)
#   Set larger code cache with -XX:ReservedCodeCacheSize=
# This output file may be truncated or incomplete.
#
#  Out of Memory Error (gcTaskThread.cpp:46), pid=16776, tid=140250639791872
#
# JRE version:  (7.0_121) (build )
# Java VM: OpenJDK 64-Bit Server VM (24.121-b00 mixed mode linux-amd64 compressed oops)
# Derivative: IcedTea 2.6.8
# Distribution: Ubuntu 14.04 LTS, package 7u121-2.6.8-1ubuntu0.14.04.1
# Failed to write core dump. Core dumps have been disabled. To enable core dumping, try "ulimit -c unlimited" before starting Java again
#

---------------  T H R E A D  ---------------

Current thread (0x00007f8e9c00a000):  JavaThread "Unknown thread" [_thread_in_vm, id=16797, stack(0x00007f8ea5807000,0x00007f8ea5908000)]

Stack: [0x00007f8ea5807000,0x00007f8ea5908000],  sp=0x00007f8ea59067c0,  free space=1021k
Native frames: (J=compiled Java code, j=interpreted, Vv=VM code, C=native code)
V  [libjvm.so+0x95d825]
V  [libjvm.so+0x497994]
V  [libjvm.so+0x552e8a]
V  [libjvm.so+0x55213f]
V  [libjvm.so+0x7f84cd]
V  [libjvm.so+0x92e057]
V  [libjvm.so+0x92e393]
V  [libjvm.so+0x5aaf95]
V  [libjvm.so+0x913e9f]
V  [libjvm.so+0x616b64]  JNI_CreateJavaVM+0x54
C  [libjli.so+0x2b48]


---------------  P R O C E S S  ---------------

Java Threads: ( => current thread )

Other Threads:

=>0x00007f8e9c00a000 (exited) JavaThread "Unknown thread" [_thread_in_vm, id=16797, stack(0x00007f8ea5807000,0x00007f8ea5908000)]

VM state:not at safepoint (not fully initialized)

VM Mutex/Monitor currently owned by a thread: None

GC Heap History (0 events):
No events

Deoptimization events (0 events):
No events

Internal exceptions (0 events):
No events

Events (0 events):
No events


Dynamic libraries:
00400000-00401000 r-xp 00000000 08:01 1663021                            /usr/lib/jvm/java-7-openjdk-amd64/jre/bin/java
00600000-00601000 r--p 00000000 08:01 1663021                            /usr/lib/jvm/java-7-openjdk-amd64/jre/bin/java
00601000-00602000 rw-p 00001000 08:01 1663021                            /usr/lib/jvm/java-7-openjdk-amd64/jre/bin/java
006af000-006d0000 rw-p 00000000 00:00 0                                  [heap]
baa00000-bbf00000 rw-p 00000000 00:00 0 
bbf00000-c5000000 rw-p 00000000 00:00 0 
c5000000-c7700000 rw-p 00000000 00:00 0 
c7700000-ec500000 rw-p 00000000 00:00 0 
ec500000-ed900000 rw-p 00000000 00:00 0 
ed900000-100000000 rw-p 00000000 00:00 0 
7f8e99000000-7f8e99270000 rwxp 00000000 00:00 0 
7f8e99270000-7f8e9c02e000 rw-p 00000000 00:00 0 
7f8e9c02e000-7f8ea0000000 ---p 00000000 00:00 0 
7f8ea1ced000-7f8ea1cee000 ---p 00000000 00:00 0 
7f8ea1cee000-7f8ea1dee000 rw-p 00000000 00:00 0 
7f8ea1dee000-7f8ea1def000 ---p 00000000 00:00 0 
7f8ea1def000-7f8ea1eef000 rw-p 00000000 00:00 0 
7f8ea1eef000-7f8ea1ef0000 ---p 00000000 00:00 0 
7f8ea1ef0000-7f8ea1ffb000 rw-p 00000000 00:00 0 
7f8ea1ffb000-7f8ea2043000 rw-p 00000000 00:00 0 
7f8ea2043000-7f8ea2057000 rw-p 00000000 00:00 0 
7f8ea2057000-7f8ea217e000 rw-p 00000000 00:00 0 
7f8ea217e000-7f8ea2189000 rw-p 00000000 00:00 0 
7f8ea2189000-7f8ea21d1000 rw-p 00000000 00:00 0 
7f8ea21d1000-7f8ea21e5000 rw-p 00000000 00:00 0 
7f8ea21e5000-7f8ea230b000 rw-p 00000000 00:00 0 
7f8ea230b000-7f8ea2316000 rw-p 00000000 00:00 0 
7f8ea2316000-7f8ea23a9000 rw-p 00000000 00:00 0 
7f8ea23a9000-7f8ea23aa000 rw-p 00000000 00:00 0 
7f8ea23aa000-7f8ea23b2000 r-xp 00000000 08:01 1662962                    /usr/lib/jvm/java-7-openjdk-amd64/jre/lib/amd64/libzip.so
7f8ea23b2000-7f8ea25b1000 ---p 00008000 08:01 1662962                    /usr/lib/jvm/java-7-openjdk-amd64/jre/lib/amd64/libzip.so
7f8ea25b1000-7f8ea25b2000 r--p 00007000 08:01 1662962                    /usr/lib/jvm/java-7-openjdk-amd64/jre/lib/amd64/libzip.so
7f8ea25b2000-7f8ea25b3000 rw-p 00008000 08:01 1662962                    /usr/lib/jvm/java-7-openjdk-amd64/jre/lib/amd64/libzip.so
7f8ea25b3000-7f8ea25be000 r-xp 00000000 08:01 1570070                    /lib/x86_64-linux-gnu/libnss_files-2.23.so
7f8ea25be000-7f8ea27bd000 ---p 0000b000 08:01 1570070                    /lib/x86_64-linux-gnu/libnss_files-2.23.so
7f8ea27bd000-7f8ea27be000 r--p 0000a000 08:01 1570070                    /lib/x86_64-linux-gnu/libnss_files-2.23.so
7f8ea27be000-7f8ea27bf000 rw-p 0000b000 08:01 1570070                    /lib/x86_64-linux-gnu/libnss_files-2.23.so
7f8ea27bf000-7f8ea27c5000 rw-p 00000000 00:00 0 
7f8ea27c5000-7f8ea27d0000 r-xp 00000000 08:01 1570067                    /lib/x86_64-linux-gnu/libnss_nis-2.23.so
7f8ea27d0000-7f8ea29cf000 ---p 0000b000 08:01 1570067                    /lib/x86_64-linux-gnu/libnss_nis-2.23.so
7f8ea29cf000-7f8ea29d0000 r--p 0000a000 08:01 1570067                    /lib/x86_64-linux-gnu/libnss_nis-2.23.so
7f8ea29d0000-7f8ea29d1000 rw-p 0000b000 08:01 1570067                    /lib/x86_64-linux-gnu/libnss_nis-2.23.so
7f8ea29d1000-7f8ea29e7000 r-xp 00000000 08:01 1570065                    /lib/x86_64-linux-gnu/libnsl-2.23.so
7f8ea29e7000-7f8ea2be6000 ---p 00016000 08:01 1570065                    /lib/x86_64-linux-gnu/libnsl-2.23.so
7f8ea2be6000-7f8ea2be7000 r--p 00015000 08:01 1570065                    /lib/x86_64-linux-gnu/libnsl-2.23.so
7f8ea2be7000-7f8ea2be8000 rw-p 00016000 08:01 1570065                    /lib/x86_64-linux-gnu/libnsl-2.23.so
7f8ea2be8000-7f8ea2bea000 rw-p 00000000 00:00 0 
7f8ea2bea000-7f8ea2bf2000 r-xp 00000000 08:01 1570063                    /lib/x86_64-linux-gnu/libnss_compat-2.23.so
7f8ea2bf2000-7f8ea2df1000 ---p 00008000 08:01 1570063                    /lib/x86_64-linux-gnu/libnss_compat-2.23.so
7f8ea2df1000-7f8ea2df2000 r--p 00007000 08:01 1570063                    /lib/x86_64-linux-gnu/libnss_compat-2.23.so
7f8ea2df2000-7f8ea2df3000 rw-p 00008000 08:01 1570063                    /lib/x86_64-linux-gnu/libnss_compat-2.23.so
7f8ea2df3000-7f8ea2e1d000 r-xp 00000000 08:01 1662961                    /usr/lib/jvm/java-7-openjdk-amd64/jre/lib/amd64/libjava.so
7f8ea2e1d000-7f8ea301d000 ---p 0002a000 08:01 1662961                    /usr/lib/jvm/java-7-openjdk-amd64/jre/lib/amd64/libjava.so
7f8ea301d000-7f8ea301e000 r--p 0002a000 08:01 1662961                    /usr/lib/jvm/java-7-openjdk-amd64/jre/lib/amd64/libjava.so
7f8ea301e000-7f8ea3020000 rw-p 0002b000 08:01 1662961                    /usr/lib/jvm/java-7-openjdk-amd64/jre/lib/amd64/libjava.so
7f8ea3020000-7f8ea3030000 r-xp 00000000 08:01 1662963                    /usr/lib/jvm/java-7-openjdk-amd64/jre/lib/amd64/libverify.so
7f8ea3030000-7f8ea322f000 ---p 00010000 08:01 1662963                    /usr/lib/jvm/java-7-openjdk-amd64/jre/lib/amd64/libverify.so
7f8ea322f000-7f8ea3231000 r--p 0000f000 08:01 1662963                    /usr/lib/jvm/java-7-openjdk-amd64/jre/lib/amd64/libverify.so
7f8ea3231000-7f8ea3232000 rw-p 00011000 08:01 1662963                    /usr/lib/jvm/java-7-openjdk-amd64/jre/lib/amd64/libverify.so
7f8ea3232000-7f8ea3239000 r-xp 00000000 08:01 1570079                    /lib/x86_64-linux-gnu/librt-2.23.so
7f8ea3239000-7f8ea3438000 ---p 00007000 08:01 1570079                    /lib/x86_64-linux-gnu/librt-2.23.so
7f8ea3438000-7f8ea3439000 r--p 00006000 08:01 1570079                    /lib/x86_64-linux-gnu/librt-2.23.so
7f8ea3439000-7f8ea343a000 rw-p 00007000 08:01 1570079                    /lib/x86_64-linux-gnu/librt-2.23.so
7f8ea343a000-7f8ea3450000 r-xp 00000000 08:01 1569872                    /lib/x86_64-linux-gnu/libgcc_s.so.1
7f8ea3450000-7f8ea364f000 ---p 00016000 08:01 1569872                    /lib/x86_64-linux-gnu/libgcc_s.so.1
7f8ea364f000-7f8ea3650000 rw-p 00015000 08:01 1569872                    /lib/x86_64-linux-gnu/libgcc_s.so.1
7f8ea3650000-7f8ea3758000 r-xp 00000000 08:01 1570076                    /lib/x86_64-linux-gnu/libm-2.23.so
7f8ea3758000-7f8ea3957000 ---p 00108000 08:01 1570076                    /lib/x86_64-linux-gnu/libm-2.23.so
7f8ea3957000-7f8ea3958000 r--p 00107000 08:01 1570076                    /lib/x86_64-linux-gnu/libm-2.23.so
7f8ea3958000-7f8ea3959000 rw-p 00108000 08:01 1570076                    /lib/x86_64-linux-gnu/libm-2.23.so
7f8ea3959000-7f8ea3acb000 r-xp 00000000 08:01 1108866                    /usr/lib/x86_64-linux-gnu/libstdc++.so.6.0.21
7f8ea3acb000-7f8ea3ccb000 ---p 00172000 08:01 1108866                    /usr/lib/x86_64-linux-gnu/libstdc++.so.6.0.21
7f8ea3ccb000-7f8ea3cd5000 r--p 00172000 08:01 1108866                    /usr/lib/x86_64-linux-gnu/libstdc++.so.6.0.21
7f8ea3cd5000-7f8ea3cd7000 rw-p 0017c000 08:01 1108866                    /usr/lib/x86_64-linux-gnu/libstdc++.so.6.0.21
7f8ea3cd7000-7f8ea3cdb000 rw-p 00000000 00:00 0 
7f8ea3cdb000-7f8ea4809000 r-xp 00000000 08:01 1662935                    /usr/lib/jvm/java-7-openjdk-amd64/jre/lib/amd64/server/libjvm.so
7f8ea4809000-7f8ea4a09000 ---p 00b2e000 08:01 1662935                    /usr/lib/jvm/java-7-openjdk-amd64/jre/lib/amd64/server/libjvm.so
7f8ea4a09000-7f8ea4aa3000 r--p 00b2e000 08:01 1662935                    /usr/lib/jvm/java-7-openjdk-amd64/jre/lib/amd64/server/libjvm.so
7f8ea4aa3000-7f8ea4ac6000 rw-p 00bc8000 08:01 1662935                    /usr/lib/jvm/java-7-openjdk-amd64/jre/lib/amd64/server/libjvm.so
7f8ea4ac6000-7f8ea4af5000 rw-p 00000000 00:00 0 
7f8ea4af5000-7f8ea4b0e000 r-xp 00000000 08:01 1569966                    /lib/x86_64-linux-gnu/libz.so.1.2.8
7f8ea4b0e000-7f8ea4d0d000 ---p 00019000 08:01 1569966                    /lib/x86_64-linux-gnu/libz.so.1.2.8
7f8ea4d0d000-7f8ea4d0e000 r--p 00018000 08:01 1569966                    /lib/x86_64-linux-gnu/libz.so.1.2.8
7f8ea4d0e000-7f8ea4d0f000 rw-p 00019000 08:01 1569966                    /lib/x86_64-linux-gnu/libz.so.1.2.8
7f8ea4d0f000-7f8ea4d27000 r-xp 00000000 08:01 1570083                    /lib/x86_64-linux-gnu/libpthread-2.23.so
7f8ea4d27000-7f8ea4f26000 ---p 00018000 08:01 1570083                    /lib/x86_64-linux-gnu/libpthread-2.23.so
7f8ea4f26000-7f8ea4f27000 r--p 00017000 08:01 1570083                    /lib/x86_64-linux-gnu/libpthread-2.23.so
7f8ea4f27000-7f8ea4f28000 rw-p 00018000 08:01 1570083                    /lib/x86_64-linux-gnu/libpthread-2.23.so
7f8ea4f28000-7f8ea4f2c000 rw-p 00000000 00:00 0 
7f8ea4f2c000-7f8ea4f2f000 r-xp 00000000 08:01 1570085                    /lib/x86_64-linux-gnu/libdl-2.23.so
7f8ea4f2f000-7f8ea512e000 ---p 00003000 08:01 1570085                    /lib/x86_64-linux-gnu/libdl-2.23.so
7f8ea512e000-7f8ea512f000 r--p 00002000 08:01 1570085                    /lib/x86_64-linux-gnu/libdl-2.23.so
7f8ea512f000-7f8ea5130000 rw-p 00003000 08:01 1570085                    /lib/x86_64-linux-gnu/libdl-2.23.so
7f8ea5130000-7f8ea52f0000 r-xp 00000000 08:01 1570084                    /lib/x86_64-linux-gnu/libc-2.23.so
7f8ea52f0000-7f8ea54ef000 ---p 001c0000 08:01 1570084                    /lib/x86_64-linux-gnu/libc-2.23.so
7f8ea54ef000-7f8ea54f3000 r--p 001bf000 08:01 1570084                    /lib/x86_64-linux-gnu/libc-2.23.so
7f8ea54f3000-7f8ea54f5000 rw-p 001c3000 08:01 1570084                    /lib/x86_64-linux-gnu/libc-2.23.so
7f8ea54f5000-7f8ea54f9000 rw-p 00000000 00:00 0 
7f8ea54f9000-7f8ea5506000 r-xp 00000000 08:01 1662967                    /usr/lib/jvm/java-7-openjdk-amd64/jre/lib/amd64/jli/libjli.so
7f8ea5506000-7f8ea5705000 ---p 0000d000 08:01 1662967                    /usr/lib/jvm/java-7-openjdk-amd64/jre/lib/amd64/jli/libjli.so
7f8ea5705000-7f8ea5706000 r--p 0000c000 08:01 1662967                    /usr/lib/jvm/java-7-openjdk-amd64/jre/lib/amd64/jli/libjli.so
7f8ea5706000-7f8ea5707000 rw-p 0000d000 08:01 1662967                    /usr/lib/jvm/java-7-openjdk-amd64/jre/lib/amd64/jli/libjli.so
7f8ea5707000-7f8ea572d000 r-xp 00000000 08:01 1570080                    /lib/x86_64-linux-gnu/ld-2.23.so
7f8ea5747000-7f8ea5751000 rw-p 00000000 00:00 0 
7f8ea5751000-7f8ea5807000 rw-p 00000000 00:00 0 
7f8ea5807000-7f8ea580a000 ---p 00000000 00:00 0 
7f8ea580a000-7f8ea590d000 rw-p 00000000 00:00 0 
7f8ea5920000-7f8ea5928000 rw-s 00000000 08:01 2845400                    /tmp/hsperfdata_sarnobat/16776
7f8ea5928000-7f8ea5929000 rw-p 00000000 00:00 0 
7f8ea5929000-7f8ea592a000 r--p 00000000 00:00 0 
7f8ea592a000-7f8ea592c000 rw-p 00000000 00:00 0 
7f8ea592c000-7f8ea592d000 r--p 00025000 08:01 1570080                    /lib/x86_64-linux-gnu/ld-2.23.so
7f8ea592d000-7f8ea592e000 rw-p 00026000 08:01 1570080                    /lib/x86_64-linux-gnu/ld-2.23.so
7f8ea592e000-7f8ea592f000 rw-p 00000000 00:00 0 
7ffd15a05000-7ffd15a26000 rw-p 00000000 00:00 0                          [stack]
7ffd15a8a000-7ffd15a8c000 r--p 00000000 00:00 0                          [vvar]
7ffd15a8c000-7ffd15a8e000 r-xp 00000000 00:00 0                          [vdso]
ffffffffff600000-ffffffffff601000 r-xp 00000000 00:00 0                  [vsyscall]

VM Arguments:
jvm_args: -Dscript.name=/usr/bin/groovy -Dprogram.name=groovy -Dgroovy.starter.conf=/etc/groovy/groovy-starter.conf -Dgroovy.home=/usr/share/groovy -Dtools.jar=/usr/lib/jvm/java-7-openjdk-amd64/jre/lib/tools.jar 
java_command: org.codehaus.groovy.tools.GroovyStarter --main groovy.ui.GroovyMain --conf /etc/groovy/groovy-starter.conf --classpath . url2title.groovy /home/sarnobat/github/chrome_headless/chromedriver_linux64 perl -pe s{ &amp; }{ & }g
Launcher Type: SUN_STANDARD

Environment Variables:
JAVA_HOME=/usr/lib/jvm/java-7-openjdk-amd64/jre
PATH=/usr/bin:/bin
SHELL=/bin/sh
DISPLAY=:99

Signal Handlers:
SIGSEGV: [libjvm.so+0x95e310], sa_mask[0]=0x7ffbfeff, sa_flags=0x10000004
SIGBUS: [libjvm.so+0x95e310], sa_mask[0]=0x7ffbfeff, sa_flags=0x10000004
SIGFPE: [libjvm.so+0x7d1ef0], sa_mask[0]=0x7ffbfeff, sa_flags=0x10000004
SIGPIPE: [libjvm.so+0x7d1ef0], sa_mask[0]=0x7ffbfeff, sa_flags=0x10000004
SIGXFSZ: [libjvm.so+0x7d1ef0], sa_mask[0]=0x7ffbfeff, sa_flags=0x10000004
SIGILL: [libjvm.so+0x7d1ef0], sa_mask[0]=0x7ffbfeff, sa_flags=0x10000004
SIGUSR1: SIG_DFL, sa_mask[0]=0x00000000, sa_flags=0x00000000
SIGUSR2: [libjvm.so+0x7d2020], sa_mask[0]=0x00000000, sa_flags=0x10000004
SIGHUP: SIG_DFL, sa_mask[0]=0x00000000, sa_flags=0x00000000
SIGINT: SIG_DFL, sa_mask[0]=0x00000000, sa_flags=0x00000000
SIGTERM: SIG_DFL, sa_mask[0]=0x00000000, sa_flags=0x00000000
SIGQUIT: SIG_DFL, sa_mask[0]=0x00000000, sa_flags=0x00000000
SIGTRAP: SIG_DFL, sa_mask[0]=0x00000000, sa_flags=0x00000000


---------------  S Y S T E M  ---------------

OS:Ubuntu 16.04 (xenial)
uname:Linux 4.4.0-21-generic #37-Ubuntu SMP Mon Apr 18 18:33:37 UTC 2016 x86_64
libc:glibc 2.23 NPTL 2.23 
rlimit: STACK 8192k, CORE 0k, NPROC 14941, NOFILE 65536, AS infinity
load average:0.00 0.04 0.10

/proc/meminfo:
MemTotal:        3863864 kB
MemFree:          171756 kB
MemAvailable:    1283912 kB
Buffers:           87104 kB
Cached:           918480 kB
SwapCached:       128308 kB
Active:          1795248 kB
Inactive:        1578892 kB
Active(anon):    1529364 kB
Inactive(anon):   879308 kB
Active(file):     265884 kB
Inactive(file):   699584 kB
Unevictable:           0 kB
Mlocked:               0 kB
SwapTotal:       4007932 kB
SwapFree:        2147936 kB
Dirty:              3408 kB
Writeback:             0 kB
AnonPages:       2354028 kB
Mapped:            77092 kB
Shmem:             40184 kB
Slab:             225608 kB
SReclaimable:     175716 kB
SUnreclaim:        49892 kB
KernelStack:       14928 kB
PageTables:        34548 kB
NFS_Unstable:          0 kB
Bounce:                0 kB
WritebackTmp:          0 kB
CommitLimit:     5939864 kB
Committed_AS:    8553768 kB
VmallocTotal:   34359738367 kB
VmallocUsed:           0 kB
VmallocChunk:          0 kB
HardwareCorrupted:     0 kB
AnonHugePages:   1284096 kB
CmaTotal:              0 kB
CmaFree:               0 kB
HugePages_Total:       0
HugePages_Free:        0
HugePages_Rsvd:        0
HugePages_Surp:        0
Hugepagesize:       2048 kB
DirectMap4k:      374400 kB
DirectMap2M:     3635200 kB


CPU:total 4 (2 cores per cpu, 2 threads per core) family 6 model 58 stepping 9, cmov, cx8, fxsr, mmx, sse, sse2, sse3, ssse3, sse4.1, sse4.2, popcnt, avx, aes, erms, ht, tsc, tscinvbit, tscinv

/proc/cpuinfo:
processor	: 0
vendor_id	: GenuineIntel
cpu family	: 6
model		: 58
model name	: Intel(R) Core(TM) i5-3427U CPU @ 1.80GHz
stepping	: 9
microcode	: 0x17
cpu MHz		: 2685.250
cache size	: 3072 KB
physical id	: 0
siblings	: 4
core id		: 0
cpu cores	: 2
apicid		: 0
initial apicid	: 0
fpu		: yes
fpu_exception	: yes
cpuid level	: 13
wp		: yes
flags		: fpu vme de pse tsc msr pae mce cx8 apic sep mtrr pge mca cmov pat pse36 clflush dts acpi mmx fxsr sse sse2 ss ht tm pbe syscall nx rdtscp lm constant_tsc arch_perfmon pebs bts rep_good nopl xtopology nonstop_tsc aperfmperf eagerfpu pni pclmulqdq dtes64 monitor ds_cpl vmx smx est tm2 ssse3 cx16 xtpr pdcm pcid sse4_1 sse4_2 x2apic popcnt tsc_deadline_timer aes xsave avx f16c rdrand lahf_lm epb tpr_shadow vnmi flexpriority ept vpid fsgsbase smep erms xsaveopt dtherm ida arat pln pts
bugs		:
bogomips	: 4589.78
clflush size	: 64
cache_alignment	: 64
address sizes	: 36 bits physical, 48 bits virtual
power management:

processor	: 1
vendor_id	: GenuineIntel
cpu family	: 6
model		: 58
model name	: Intel(R) Core(TM) i5-3427U CPU @ 1.80GHz
stepping	: 9
microcode	: 0x17
cpu MHz		: 2608.343
cache size	: 3072 KB
physical id	: 0
siblings	: 4
core id		: 1
cpu cores	: 2
apicid		: 2
initial apicid	: 2
fpu		: yes
fpu_exception	: yes
cpuid level	: 13
wp		: yes
flags		: fpu vme de pse tsc msr pae mce cx8 apic sep mtrr pge mca cmov pat pse36 clflush dts acpi mmx fxsr sse sse2 ss ht tm pbe syscall nx rdtscp lm constant_tsc arch_perfmon pebs bts rep_good nopl xtopology nonstop_tsc aperfmperf eagerfpu pni pclmulqdq dtes64 monitor ds_cpl vmx smx est tm2 ssse3 cx16 xtpr pdcm pcid sse4_1 sse4_2 x2apic popcnt tsc_deadline_timer aes xsave avx f16c rdrand lahf_lm epb tpr_shadow vnmi flexpriority ept vpid fsgsbase smep erms xsaveopt dtherm ida arat pln pts
bugs		:
bogomips	: 4589.78
clflush size	: 64
cache_alignment	: 64
address sizes	: 36 bits physical, 48 bits virtual
power management:

processor	: 2
vendor_id	: GenuineIntel
cpu family	: 6
model		: 58
model name	: Intel(R) Core(TM) i5-3427U CPU @ 1.80GHz
stepping	: 9
microcode	: 0x17
cpu MHz		: 2600.078
cache size	: 3072 KB
physical id	: 0
siblings	: 4
core id		: 0
cpu cores	: 2
apicid		: 1
initial apicid	: 1
fpu		: yes
fpu_exception	: yes
cpuid level	: 13
wp		: yes
flags		: fpu vme de pse tsc msr pae mce cx8 apic sep mtrr pge mca cmov pat pse36 clflush dts acpi mmx fxsr sse sse2 ss ht tm pbe syscall nx rdtscp lm constant_tsc arch_perfmon pebs bts rep_good nopl xtopology nonstop_tsc aperfmperf eagerfpu pni pclmulqdq dtes64 monitor ds_cpl vmx smx est tm2 ssse3 cx16 xtpr pdcm pcid sse4_1 sse4_2 x2apic popcnt tsc_deadline_timer aes xsave avx f16c rdrand lahf_lm epb tpr_shadow vnmi flexpriority ept vpid fsgsbase smep erms xsaveopt dtherm ida arat pln pts
bugs		:
bogomips	: 4589.78
clflush size	: 64
cache_alignment	: 64
address sizes	: 36 bits physical, 48 bits virtual
power management:

processor	: 3
vendor_id	: GenuineIntel
cpu family	: 6
model		: 58
model name	: Intel(R) Core(TM) i5-3427U CPU @ 1.80GHz
stepping	: 9
microcode	: 0x17
cpu MHz		: 2606.007
cache size	: 3072 KB
physical id	: 0
siblings	: 4
core id		: 1
cpu cores	: 2
apicid		: 3
initial apicid	: 3
fpu		: yes
fpu_exception	: yes
cpuid level	: 13
wp		: yes
flags		: fpu vme de pse tsc msr pae mce cx8 apic sep mtrr pge mca cmov pat pse36 clflush dts acpi mmx fxsr sse sse2 ss ht tm pbe syscall nx rdtscp lm constant_tsc arch_perfmon pebs bts rep_good nopl xtopology nonstop_tsc aperfmperf eagerfpu pni pclmulqdq dtes64 monitor ds_cpl vmx smx est tm2 ssse3 cx16 xtpr pdcm pcid sse4_1 sse4_2 x2apic popcnt tsc_deadline_timer aes xsave avx f16c rdrand lahf_lm epb tpr_shadow vnmi flexpriority ept vpid fsgsbase smep erms xsaveopt dtherm ida arat pln pts
bugs		:
bogomips	: 4589.78
clflush size	: 64
cache_alignment	: 64
address sizes	: 36 bits physical, 48 bits virtual
power management:



Memory: 4k page, physical 3863864k(171756k free), swap 4007932k(2147936k free)

vm_info: OpenJDK 64-Bit Server VM (24.121-b00) for linux-amd64 JRE (1.7.0_121-b00), built on Nov 16 2016 00:46:21 by "buildd" with gcc 4.8.4

time: Sat Sep 30 09:10:02 2017
elapsed time: 0 seconds

