#
# There is insufficient memory for the Java Runtime Environment to continue.
# Cannot create GC thread. Out of system resources.
# Possible reasons:
#   The system is out of physical RAM or swap space
#   In 32 bit mode, the process size limit was hit
# Possible solutions:
#   Reduce memory load on the system
#   Increase physical memory or swap space
#   Check if swap backing store is full
#   Use 64 bit Java on a 64 bit OS
#   Decrease Java heap size (-Xmx/-Xms)
#   Decrease number of Java threads
#   Decrease Java thread stack sizes (-Xss)
#   Set larger code cache with -XX:ReservedCodeCacheSize=
# This output file may be truncated or incomplete.
#
#  Out of Memory Error (gcTaskThread.cpp:46), pid=16580, tid=140698555909888
#
# JRE version:  (7.0_121) (build )
# Java VM: OpenJDK 64-Bit Server VM (24.121-b00 mixed mode linux-amd64 compressed oops)
# Derivative: IcedTea 2.6.8
# Distribution: Ubuntu 14.04 LTS, package 7u121-2.6.8-1ubuntu0.14.04.1
# Failed to write core dump. Core dumps have been disabled. To enable core dumping, try "ulimit -c unlimited" before starting Java again
#

---------------  T H R E A D  ---------------

Current thread (0x00007ff6e800a000):  JavaThread "Unknown thread" [_thread_in_vm, id=16601, stack(0x00007ff6ef620000,0x00007ff6ef721000)]

Stack: [0x00007ff6ef620000,0x00007ff6ef721000],  sp=0x00007ff6ef71f7c0,  free space=1021k
Native frames: (J=compiled Java code, j=interpreted, Vv=VM code, C=native code)
V  [libjvm.so+0x95d825]
V  [libjvm.so+0x497994]
V  [libjvm.so+0x552e8a]
V  [libjvm.so+0x55213f]
V  [libjvm.so+0x7f84cd]
V  [libjvm.so+0x92e057]
V  [libjvm.so+0x92e393]
V  [libjvm.so+0x5aaf95]
V  [libjvm.so+0x913e9f]
V  [libjvm.so+0x616b64]  JNI_CreateJavaVM+0x54
C  [libjli.so+0x2b48]


---------------  P R O C E S S  ---------------

Java Threads: ( => current thread )

Other Threads:

=>0x00007ff6e800a000 (exited) JavaThread "Unknown thread" [_thread_in_vm, id=16601, stack(0x00007ff6ef620000,0x00007ff6ef721000)]

VM state:not at safepoint (not fully initialized)

VM Mutex/Monitor currently owned by a thread: None

GC Heap History (0 events):
No events

Deoptimization events (0 events):
No events

Internal exceptions (0 events):
No events

Events (0 events):
No events


Dynamic libraries:
00400000-00401000 r-xp 00000000 08:01 1663021                            /usr/lib/jvm/java-7-openjdk-amd64/jre/bin/java
00600000-00601000 r--p 00000000 08:01 1663021                            /usr/lib/jvm/java-7-openjdk-amd64/jre/bin/java
00601000-00602000 rw-p 00001000 08:01 1663021                            /usr/lib/jvm/java-7-openjdk-amd64/jre/bin/java
006a7000-006c8000 rw-p 00000000 00:00 0                                  [heap]
baa00000-bbf00000 rw-p 00000000 00:00 0 
bbf00000-c5000000 rw-p 00000000 00:00 0 
c5000000-c7700000 rw-p 00000000 00:00 0 
c7700000-ec500000 rw-p 00000000 00:00 0 
ec500000-ed900000 rw-p 00000000 00:00 0 
ed900000-100000000 rw-p 00000000 00:00 0 
7ff6e49d0000-7ff6e49d1000 ---p 00000000 00:00 0 
7ff6e49d1000-7ff6e4ad1000 rw-p 00000000 00:00 0 
7ff6e4ad1000-7ff6e4ad2000 ---p 00000000 00:00 0 
7ff6e4ad2000-7ff6e4bd2000 rw-p 00000000 00:00 0 
7ff6e4bd2000-7ff6e4bd3000 ---p 00000000 00:00 0 
7ff6e4bd3000-7ff6e4cd3000 rw-p 00000000 00:00 0 
7ff6e4cd3000-7ff6e4cd4000 ---p 00000000 00:00 0 
7ff6e4cd4000-7ff6e4ddf000 rw-p 00000000 00:00 0 
7ff6e4ddf000-7ff6e4e27000 rw-p 00000000 00:00 0 
7ff6e4e27000-7ff6e4e3b000 rw-p 00000000 00:00 0 
7ff6e4e3b000-7ff6e4f61000 rw-p 00000000 00:00 0 
7ff6e4f61000-7ff6e4f6c000 rw-p 00000000 00:00 0 
7ff6e4f6c000-7ff6e4fff000 rw-p 00000000 00:00 0 
7ff6e4fff000-7ff6e5000000 rw-p 00000000 00:00 0 
7ff6e5000000-7ff6e5270000 rwxp 00000000 00:00 0 
7ff6e5270000-7ff6e8030000 rw-p 00000000 00:00 0 
7ff6e8030000-7ff6ec000000 ---p 00000000 00:00 0 
7ff6ec035000-7ff6ec040000 rw-p 00000000 00:00 0 
7ff6ec040000-7ff6ec088000 rw-p 00000000 00:00 0 
7ff6ec088000-7ff6ec09c000 rw-p 00000000 00:00 0 
7ff6ec09c000-7ff6ec1c3000 rw-p 00000000 00:00 0 
7ff6ec1c3000-7ff6ec1cb000 r-xp 00000000 08:01 1662962                    /usr/lib/jvm/java-7-openjdk-amd64/jre/lib/amd64/libzip.so
7ff6ec1cb000-7ff6ec3ca000 ---p 00008000 08:01 1662962                    /usr/lib/jvm/java-7-openjdk-amd64/jre/lib/amd64/libzip.so
7ff6ec3ca000-7ff6ec3cb000 r--p 00007000 08:01 1662962                    /usr/lib/jvm/java-7-openjdk-amd64/jre/lib/amd64/libzip.so
7ff6ec3cb000-7ff6ec3cc000 rw-p 00008000 08:01 1662962                    /usr/lib/jvm/java-7-openjdk-amd64/jre/lib/amd64/libzip.so
7ff6ec3cc000-7ff6ec3d7000 r-xp 00000000 08:01 1570070                    /lib/x86_64-linux-gnu/libnss_files-2.23.so
7ff6ec3d7000-7ff6ec5d6000 ---p 0000b000 08:01 1570070                    /lib/x86_64-linux-gnu/libnss_files-2.23.so
7ff6ec5d6000-7ff6ec5d7000 r--p 0000a000 08:01 1570070                    /lib/x86_64-linux-gnu/libnss_files-2.23.so
7ff6ec5d7000-7ff6ec5d8000 rw-p 0000b000 08:01 1570070                    /lib/x86_64-linux-gnu/libnss_files-2.23.so
7ff6ec5d8000-7ff6ec5de000 rw-p 00000000 00:00 0 
7ff6ec5de000-7ff6ec5e9000 r-xp 00000000 08:01 1570067                    /lib/x86_64-linux-gnu/libnss_nis-2.23.so
7ff6ec5e9000-7ff6ec7e8000 ---p 0000b000 08:01 1570067                    /lib/x86_64-linux-gnu/libnss_nis-2.23.so
7ff6ec7e8000-7ff6ec7e9000 r--p 0000a000 08:01 1570067                    /lib/x86_64-linux-gnu/libnss_nis-2.23.so
7ff6ec7e9000-7ff6ec7ea000 rw-p 0000b000 08:01 1570067                    /lib/x86_64-linux-gnu/libnss_nis-2.23.so
7ff6ec7ea000-7ff6ec800000 r-xp 00000000 08:01 1570065                    /lib/x86_64-linux-gnu/libnsl-2.23.so
7ff6ec800000-7ff6ec9ff000 ---p 00016000 08:01 1570065                    /lib/x86_64-linux-gnu/libnsl-2.23.so
7ff6ec9ff000-7ff6eca00000 r--p 00015000 08:01 1570065                    /lib/x86_64-linux-gnu/libnsl-2.23.so
7ff6eca00000-7ff6eca01000 rw-p 00016000 08:01 1570065                    /lib/x86_64-linux-gnu/libnsl-2.23.so
7ff6eca01000-7ff6eca03000 rw-p 00000000 00:00 0 
7ff6eca03000-7ff6eca0b000 r-xp 00000000 08:01 1570063                    /lib/x86_64-linux-gnu/libnss_compat-2.23.so
7ff6eca0b000-7ff6ecc0a000 ---p 00008000 08:01 1570063                    /lib/x86_64-linux-gnu/libnss_compat-2.23.so
7ff6ecc0a000-7ff6ecc0b000 r--p 00007000 08:01 1570063                    /lib/x86_64-linux-gnu/libnss_compat-2.23.so
7ff6ecc0b000-7ff6ecc0c000 rw-p 00008000 08:01 1570063                    /lib/x86_64-linux-gnu/libnss_compat-2.23.so
7ff6ecc0c000-7ff6ecc36000 r-xp 00000000 08:01 1662961                    /usr/lib/jvm/java-7-openjdk-amd64/jre/lib/amd64/libjava.so
7ff6ecc36000-7ff6ece36000 ---p 0002a000 08:01 1662961                    /usr/lib/jvm/java-7-openjdk-amd64/jre/lib/amd64/libjava.so
7ff6ece36000-7ff6ece37000 r--p 0002a000 08:01 1662961                    /usr/lib/jvm/java-7-openjdk-amd64/jre/lib/amd64/libjava.so
7ff6ece37000-7ff6ece39000 rw-p 0002b000 08:01 1662961                    /usr/lib/jvm/java-7-openjdk-amd64/jre/lib/amd64/libjava.so
7ff6ece39000-7ff6ece49000 r-xp 00000000 08:01 1662963                    /usr/lib/jvm/java-7-openjdk-amd64/jre/lib/amd64/libverify.so
7ff6ece49000-7ff6ed048000 ---p 00010000 08:01 1662963                    /usr/lib/jvm/java-7-openjdk-amd64/jre/lib/amd64/libverify.so
7ff6ed048000-7ff6ed04a000 r--p 0000f000 08:01 1662963                    /usr/lib/jvm/java-7-openjdk-amd64/jre/lib/amd64/libverify.so
7ff6ed04a000-7ff6ed04b000 rw-p 00011000 08:01 1662963                    /usr/lib/jvm/java-7-openjdk-amd64/jre/lib/amd64/libverify.so
7ff6ed04b000-7ff6ed052000 r-xp 00000000 08:01 1570079                    /lib/x86_64-linux-gnu/librt-2.23.so
7ff6ed052000-7ff6ed251000 ---p 00007000 08:01 1570079                    /lib/x86_64-linux-gnu/librt-2.23.so
7ff6ed251000-7ff6ed252000 r--p 00006000 08:01 1570079                    /lib/x86_64-linux-gnu/librt-2.23.so
7ff6ed252000-7ff6ed253000 rw-p 00007000 08:01 1570079                    /lib/x86_64-linux-gnu/librt-2.23.so
7ff6ed253000-7ff6ed269000 r-xp 00000000 08:01 1569872                    /lib/x86_64-linux-gnu/libgcc_s.so.1
7ff6ed269000-7ff6ed468000 ---p 00016000 08:01 1569872                    /lib/x86_64-linux-gnu/libgcc_s.so.1
7ff6ed468000-7ff6ed469000 rw-p 00015000 08:01 1569872                    /lib/x86_64-linux-gnu/libgcc_s.so.1
7ff6ed469000-7ff6ed571000 r-xp 00000000 08:01 1570076                    /lib/x86_64-linux-gnu/libm-2.23.so
7ff6ed571000-7ff6ed770000 ---p 00108000 08:01 1570076                    /lib/x86_64-linux-gnu/libm-2.23.so
7ff6ed770000-7ff6ed771000 r--p 00107000 08:01 1570076                    /lib/x86_64-linux-gnu/libm-2.23.so
7ff6ed771000-7ff6ed772000 rw-p 00108000 08:01 1570076                    /lib/x86_64-linux-gnu/libm-2.23.so
7ff6ed772000-7ff6ed8e4000 r-xp 00000000 08:01 1108866                    /usr/lib/x86_64-linux-gnu/libstdc++.so.6.0.21
7ff6ed8e4000-7ff6edae4000 ---p 00172000 08:01 1108866                    /usr/lib/x86_64-linux-gnu/libstdc++.so.6.0.21
7ff6edae4000-7ff6edaee000 r--p 00172000 08:01 1108866                    /usr/lib/x86_64-linux-gnu/libstdc++.so.6.0.21
7ff6edaee000-7ff6edaf0000 rw-p 0017c000 08:01 1108866                    /usr/lib/x86_64-linux-gnu/libstdc++.so.6.0.21
7ff6edaf0000-7ff6edaf4000 rw-p 00000000 00:00 0 
7ff6edaf4000-7ff6ee622000 r-xp 00000000 08:01 1662935                    /usr/lib/jvm/java-7-openjdk-amd64/jre/lib/amd64/server/libjvm.so
7ff6ee622000-7ff6ee822000 ---p 00b2e000 08:01 1662935                    /usr/lib/jvm/java-7-openjdk-amd64/jre/lib/amd64/server/libjvm.so
7ff6ee822000-7ff6ee8bc000 r--p 00b2e000 08:01 1662935                    /usr/lib/jvm/java-7-openjdk-amd64/jre/lib/amd64/server/libjvm.so
7ff6ee8bc000-7ff6ee8df000 rw-p 00bc8000 08:01 1662935                    /usr/lib/jvm/java-7-openjdk-amd64/jre/lib/amd64/server/libjvm.so
7ff6ee8df000-7ff6ee90e000 rw-p 00000000 00:00 0 
7ff6ee90e000-7ff6ee927000 r-xp 00000000 08:01 1569966                    /lib/x86_64-linux-gnu/libz.so.1.2.8
7ff6ee927000-7ff6eeb26000 ---p 00019000 08:01 1569966                    /lib/x86_64-linux-gnu/libz.so.1.2.8
7ff6eeb26000-7ff6eeb27000 r--p 00018000 08:01 1569966                    /lib/x86_64-linux-gnu/libz.so.1.2.8
7ff6eeb27000-7ff6eeb28000 rw-p 00019000 08:01 1569966                    /lib/x86_64-linux-gnu/libz.so.1.2.8
7ff6eeb28000-7ff6eeb40000 r-xp 00000000 08:01 1570083                    /lib/x86_64-linux-gnu/libpthread-2.23.so
7ff6eeb40000-7ff6eed3f000 ---p 00018000 08:01 1570083                    /lib/x86_64-linux-gnu/libpthread-2.23.so
7ff6eed3f000-7ff6eed40000 r--p 00017000 08:01 1570083                    /lib/x86_64-linux-gnu/libpthread-2.23.so
7ff6eed40000-7ff6eed41000 rw-p 00018000 08:01 1570083                    /lib/x86_64-linux-gnu/libpthread-2.23.so
7ff6eed41000-7ff6eed45000 rw-p 00000000 00:00 0 
7ff6eed45000-7ff6eed48000 r-xp 00000000 08:01 1570085                    /lib/x86_64-linux-gnu/libdl-2.23.so
7ff6eed48000-7ff6eef47000 ---p 00003000 08:01 1570085                    /lib/x86_64-linux-gnu/libdl-2.23.so
7ff6eef47000-7ff6eef48000 r--p 00002000 08:01 1570085                    /lib/x86_64-linux-gnu/libdl-2.23.so
7ff6eef48000-7ff6eef49000 rw-p 00003000 08:01 1570085                    /lib/x86_64-linux-gnu/libdl-2.23.so
7ff6eef49000-7ff6ef109000 r-xp 00000000 08:01 1570084                    /lib/x86_64-linux-gnu/libc-2.23.so
7ff6ef109000-7ff6ef308000 ---p 001c0000 08:01 1570084                    /lib/x86_64-linux-gnu/libc-2.23.so
7ff6ef308000-7ff6ef30c000 r--p 001bf000 08:01 1570084                    /lib/x86_64-linux-gnu/libc-2.23.so
7ff6ef30c000-7ff6ef30e000 rw-p 001c3000 08:01 1570084                    /lib/x86_64-linux-gnu/libc-2.23.so
7ff6ef30e000-7ff6ef312000 rw-p 00000000 00:00 0 
7ff6ef312000-7ff6ef31f000 r-xp 00000000 08:01 1662967                    /usr/lib/jvm/java-7-openjdk-amd64/jre/lib/amd64/jli/libjli.so
7ff6ef31f000-7ff6ef51e000 ---p 0000d000 08:01 1662967                    /usr/lib/jvm/java-7-openjdk-amd64/jre/lib/amd64/jli/libjli.so
7ff6ef51e000-7ff6ef51f000 r--p 0000c000 08:01 1662967                    /usr/lib/jvm/java-7-openjdk-amd64/jre/lib/amd64/jli/libjli.so
7ff6ef51f000-7ff6ef520000 rw-p 0000d000 08:01 1662967                    /usr/lib/jvm/java-7-openjdk-amd64/jre/lib/amd64/jli/libjli.so
7ff6ef520000-7ff6ef546000 r-xp 00000000 08:01 1570080                    /lib/x86_64-linux-gnu/ld-2.23.so
7ff6ef560000-7ff6ef56a000 rw-p 00000000 00:00 0 
7ff6ef56a000-7ff6ef620000 rw-p 00000000 00:00 0 
7ff6ef620000-7ff6ef623000 ---p 00000000 00:00 0 
7ff6ef623000-7ff6ef726000 rw-p 00000000 00:00 0 
7ff6ef739000-7ff6ef741000 rw-s 00000000 08:01 2845390                    /tmp/hsperfdata_sarnobat/16580
7ff6ef741000-7ff6ef742000 rw-p 00000000 00:00 0 
7ff6ef742000-7ff6ef743000 r--p 00000000 00:00 0 
7ff6ef743000-7ff6ef745000 rw-p 00000000 00:00 0 
7ff6ef745000-7ff6ef746000 r--p 00025000 08:01 1570080                    /lib/x86_64-linux-gnu/ld-2.23.so
7ff6ef746000-7ff6ef747000 rw-p 00026000 08:01 1570080                    /lib/x86_64-linux-gnu/ld-2.23.so
7ff6ef747000-7ff6ef748000 rw-p 00000000 00:00 0 
7ffdf8a43000-7ffdf8a64000 rw-p 00000000 00:00 0                          [stack]
7ffdf8a99000-7ffdf8a9b000 r--p 00000000 00:00 0                          [vvar]
7ffdf8a9b000-7ffdf8a9d000 r-xp 00000000 00:00 0                          [vdso]
ffffffffff600000-ffffffffff601000 r-xp 00000000 00:00 0                  [vsyscall]

VM Arguments:
jvm_args: -Dscript.name=/usr/bin/groovy -Dprogram.name=groovy -Dgroovy.starter.conf=/etc/groovy/groovy-starter.conf -Dgroovy.home=/usr/share/groovy -Dtools.jar=/usr/lib/jvm/java-7-openjdk-amd64/jre/lib/tools.jar 
java_command: org.codehaus.groovy.tools.GroovyStarter --main groovy.ui.GroovyMain --conf /etc/groovy/groovy-starter.conf --classpath . url2title.groovy /home/sarnobat/github/chrome_headless/chromedriver_linux64 perl -pe s{ &amp; }{ & }g
Launcher Type: SUN_STANDARD

Environment Variables:
JAVA_HOME=/usr/lib/jvm/java-7-openjdk-amd64/jre
PATH=/usr/bin:/bin
SHELL=/bin/sh
DISPLAY=:99

Signal Handlers:
SIGSEGV: [libjvm.so+0x95e310], sa_mask[0]=0x7ffbfeff, sa_flags=0x10000004
SIGBUS: [libjvm.so+0x95e310], sa_mask[0]=0x7ffbfeff, sa_flags=0x10000004
SIGFPE: [libjvm.so+0x7d1ef0], sa_mask[0]=0x7ffbfeff, sa_flags=0x10000004
SIGPIPE: [libjvm.so+0x7d1ef0], sa_mask[0]=0x7ffbfeff, sa_flags=0x10000004
SIGXFSZ: [libjvm.so+0x7d1ef0], sa_mask[0]=0x7ffbfeff, sa_flags=0x10000004
SIGILL: [libjvm.so+0x7d1ef0], sa_mask[0]=0x7ffbfeff, sa_flags=0x10000004
SIGUSR1: SIG_DFL, sa_mask[0]=0x00000000, sa_flags=0x00000000
SIGUSR2: [libjvm.so+0x7d2020], sa_mask[0]=0x00000000, sa_flags=0x10000004
SIGHUP: SIG_DFL, sa_mask[0]=0x00000000, sa_flags=0x00000000
SIGINT: SIG_DFL, sa_mask[0]=0x00000000, sa_flags=0x00000000
SIGTERM: SIG_DFL, sa_mask[0]=0x00000000, sa_flags=0x00000000
SIGQUIT: SIG_DFL, sa_mask[0]=0x00000000, sa_flags=0x00000000
SIGTRAP: SIG_DFL, sa_mask[0]=0x00000000, sa_flags=0x00000000


---------------  S Y S T E M  ---------------

OS:Ubuntu 16.04 (xenial)
uname:Linux 4.4.0-21-generic #37-Ubuntu SMP Mon Apr 18 18:33:37 UTC 2016 x86_64
libc:glibc 2.23 NPTL 2.23 
rlimit: STACK 8192k, CORE 0k, NPROC 14941, NOFILE 65536, AS infinity
load average:0.01 0.10 0.13

/proc/meminfo:
MemTotal:        3863864 kB
MemFree:          172864 kB
MemAvailable:    1284964 kB
Buffers:           87100 kB
Cached:           918032 kB
SwapCached:       128440 kB
Active:          1794784 kB
Inactive:        1578200 kB
Active(anon):    1529036 kB
Inactive(anon):   878536 kB
Active(file):     265748 kB
Inactive(file):   699664 kB
Unevictable:           0 kB
Mlocked:               0 kB
SwapTotal:       4007932 kB
SwapFree:        2147016 kB
Dirty:              3600 kB
Writeback:             0 kB
AnonPages:       2353852 kB
Mapped:            79176 kB
Shmem:             39432 kB
Slab:             225584 kB
SReclaimable:     175716 kB
SUnreclaim:        49868 kB
KernelStack:       15104 kB
PageTables:        34040 kB
NFS_Unstable:          0 kB
Bounce:                0 kB
WritebackTmp:          0 kB
CommitLimit:     5939864 kB
Committed_AS:    8557220 kB
VmallocTotal:   34359738367 kB
VmallocUsed:           0 kB
VmallocChunk:          0 kB
HardwareCorrupted:     0 kB
AnonHugePages:   1284096 kB
CmaTotal:              0 kB
CmaFree:               0 kB
HugePages_Total:       0
HugePages_Free:        0
HugePages_Rsvd:        0
HugePages_Surp:        0
Hugepagesize:       2048 kB
DirectMap4k:      374400 kB
DirectMap2M:     3635200 kB


CPU:total 4 (2 cores per cpu, 2 threads per core) family 6 model 58 stepping 9, cmov, cx8, fxsr, mmx, sse, sse2, sse3, ssse3, sse4.1, sse4.2, popcnt, avx, aes, erms, ht, tsc, tscinvbit, tscinv

/proc/cpuinfo:
processor	: 0
vendor_id	: GenuineIntel
cpu family	: 6
model		: 58
model name	: Intel(R) Core(TM) i5-3427U CPU @ 1.80GHz
stepping	: 9
microcode	: 0x17
cpu MHz		: 2639.968
cache size	: 3072 KB
physical id	: 0
siblings	: 4
core id		: 0
cpu cores	: 2
apicid		: 0
initial apicid	: 0
fpu		: yes
fpu_exception	: yes
cpuid level	: 13
wp		: yes
flags		: fpu vme de pse tsc msr pae mce cx8 apic sep mtrr pge mca cmov pat pse36 clflush dts acpi mmx fxsr sse sse2 ss ht tm pbe syscall nx rdtscp lm constant_tsc arch_perfmon pebs bts rep_good nopl xtopology nonstop_tsc aperfmperf eagerfpu pni pclmulqdq dtes64 monitor ds_cpl vmx smx est tm2 ssse3 cx16 xtpr pdcm pcid sse4_1 sse4_2 x2apic popcnt tsc_deadline_timer aes xsave avx f16c rdrand lahf_lm epb tpr_shadow vnmi flexpriority ept vpid fsgsbase smep erms xsaveopt dtherm ida arat pln pts
bugs		:
bogomips	: 4589.78
clflush size	: 64
cache_alignment	: 64
address sizes	: 36 bits physical, 48 bits virtual
power management:

processor	: 1
vendor_id	: GenuineIntel
cpu family	: 6
model		: 58
model name	: Intel(R) Core(TM) i5-3427U CPU @ 1.80GHz
stepping	: 9
microcode	: 0x17
cpu MHz		: 2619.753
cache size	: 3072 KB
physical id	: 0
siblings	: 4
core id		: 1
cpu cores	: 2
apicid		: 2
initial apicid	: 2
fpu		: yes
fpu_exception	: yes
cpuid level	: 13
wp		: yes
flags		: fpu vme de pse tsc msr pae mce cx8 apic sep mtrr pge mca cmov pat pse36 clflush dts acpi mmx fxsr sse sse2 ss ht tm pbe syscall nx rdtscp lm constant_tsc arch_perfmon pebs bts rep_good nopl xtopology nonstop_tsc aperfmperf eagerfpu pni pclmulqdq dtes64 monitor ds_cpl vmx smx est tm2 ssse3 cx16 xtpr pdcm pcid sse4_1 sse4_2 x2apic popcnt tsc_deadline_timer aes xsave avx f16c rdrand lahf_lm epb tpr_shadow vnmi flexpriority ept vpid fsgsbase smep erms xsaveopt dtherm ida arat pln pts
bugs		:
bogomips	: 4589.78
clflush size	: 64
cache_alignment	: 64
address sizes	: 36 bits physical, 48 bits virtual
power management:

processor	: 2
vendor_id	: GenuineIntel
cpu family	: 6
model		: 58
model name	: Intel(R) Core(TM) i5-3427U CPU @ 1.80GHz
stepping	: 9
microcode	: 0x17
cpu MHz		: 2725.859
cache size	: 3072 KB
physical id	: 0
siblings	: 4
core id		: 0
cpu cores	: 2
apicid		: 1
initial apicid	: 1
fpu		: yes
fpu_exception	: yes
cpuid level	: 13
wp		: yes
flags		: fpu vme de pse tsc msr pae mce cx8 apic sep mtrr pge mca cmov pat pse36 clflush dts acpi mmx fxsr sse sse2 ss ht tm pbe syscall nx rdtscp lm constant_tsc arch_perfmon pebs bts rep_good nopl xtopology nonstop_tsc aperfmperf eagerfpu pni pclmulqdq dtes64 monitor ds_cpl vmx smx est tm2 ssse3 cx16 xtpr pdcm pcid sse4_1 sse4_2 x2apic popcnt tsc_deadline_timer aes xsave avx f16c rdrand lahf_lm epb tpr_shadow vnmi flexpriority ept vpid fsgsbase smep erms xsaveopt dtherm ida arat pln pts
bugs		:
bogomips	: 4589.78
clflush size	: 64
cache_alignment	: 64
address sizes	: 36 bits physical, 48 bits virtual
power management:

processor	: 3
vendor_id	: GenuineIntel
cpu family	: 6
model		: 58
model name	: Intel(R) Core(TM) i5-3427U CPU @ 1.80GHz
stepping	: 9
microcode	: 0x17
cpu MHz		: 2599.628
cache size	: 3072 KB
physical id	: 0
siblings	: 4
core id		: 1
cpu cores	: 2
apicid		: 3
initial apicid	: 3
fpu		: yes
fpu_exception	: yes
cpuid level	: 13
wp		: yes
flags		: fpu vme de pse tsc msr pae mce cx8 apic sep mtrr pge mca cmov pat pse36 clflush dts acpi mmx fxsr sse sse2 ss ht tm pbe syscall nx rdtscp lm constant_tsc arch_perfmon pebs bts rep_good nopl xtopology nonstop_tsc aperfmperf eagerfpu pni pclmulqdq dtes64 monitor ds_cpl vmx smx est tm2 ssse3 cx16 xtpr pdcm pcid sse4_1 sse4_2 x2apic popcnt tsc_deadline_timer aes xsave avx f16c rdrand lahf_lm epb tpr_shadow vnmi flexpriority ept vpid fsgsbase smep erms xsaveopt dtherm ida arat pln pts
bugs		:
bogomips	: 4589.78
clflush size	: 64
cache_alignment	: 64
address sizes	: 36 bits physical, 48 bits virtual
power management:



Memory: 4k page, physical 3863864k(172864k free), swap 4007932k(2147016k free)

vm_info: OpenJDK 64-Bit Server VM (24.121-b00) for linux-amd64 JRE (1.7.0_121-b00), built on Nov 16 2016 00:46:21 by "buildd" with gcc 4.8.4

time: Sat Sep 30 09:05:02 2017
elapsed time: 0 seconds

