#
# There is insufficient memory for the Java Runtime Environment to continue.
# Cannot create GC thread. Out of system resources.
# Possible reasons:
#   The system is out of physical RAM or swap space
#   In 32 bit mode, the process size limit was hit
# Possible solutions:
#   Reduce memory load on the system
#   Increase physical memory or swap space
#   Check if swap backing store is full
#   Use 64 bit Java on a 64 bit OS
#   Decrease Java heap size (-Xmx/-Xms)
#   Decrease number of Java threads
#   Decrease Java thread stack sizes (-Xss)
#   Set larger code cache with -XX:ReservedCodeCacheSize=
# This output file may be truncated or incomplete.
#
#  Out of Memory Error (gcTaskThread.cpp:46), pid=6170, tid=139727551067904
#
# JRE version:  (7.0_121) (build )
# Java VM: OpenJDK 64-Bit Server VM (24.121-b00 mixed mode linux-amd64 compressed oops)
# Derivative: IcedTea 2.6.8
# Distribution: Ubuntu 14.04 LTS, package 7u121-2.6.8-1ubuntu0.14.04.1
# Failed to write core dump. Core dumps have been disabled. To enable core dumping, try "ulimit -c unlimited" before starting Java again
#

---------------  T H R E A D  ---------------

Current thread (0x00007f14d400a000):  JavaThread "Unknown thread" [_thread_in_vm, id=6191, stack(0x00007f14dafbf000,0x00007f14db0c0000)]

Stack: [0x00007f14dafbf000,0x00007f14db0c0000],  sp=0x00007f14db0be7c0,  free space=1021k
Native frames: (J=compiled Java code, j=interpreted, Vv=VM code, C=native code)
V  [libjvm.so+0x95d825]
V  [libjvm.so+0x497994]
V  [libjvm.so+0x552e8a]
V  [libjvm.so+0x55213f]
V  [libjvm.so+0x7f84cd]
V  [libjvm.so+0x92e057]
V  [libjvm.so+0x92e393]
V  [libjvm.so+0x5aaf95]
V  [libjvm.so+0x913e9f]
V  [libjvm.so+0x616b64]  JNI_CreateJavaVM+0x54
C  [libjli.so+0x2b48]


---------------  P R O C E S S  ---------------

Java Threads: ( => current thread )

Other Threads:

=>0x00007f14d400a000 (exited) JavaThread "Unknown thread" [_thread_in_vm, id=6191, stack(0x00007f14dafbf000,0x00007f14db0c0000)]

VM state:not at safepoint (not fully initialized)

VM Mutex/Monitor currently owned by a thread: None

GC Heap History (0 events):
No events

Deoptimization events (0 events):
No events

Internal exceptions (0 events):
No events

Events (0 events):
No events


Dynamic libraries:
00400000-00401000 r-xp 00000000 08:01 1663021                            /usr/lib/jvm/java-7-openjdk-amd64/jre/bin/java
00600000-00601000 r--p 00000000 08:01 1663021                            /usr/lib/jvm/java-7-openjdk-amd64/jre/bin/java
00601000-00602000 rw-p 00001000 08:01 1663021                            /usr/lib/jvm/java-7-openjdk-amd64/jre/bin/java
018f2000-01913000 rw-p 00000000 00:00 0                                  [heap]
baa00000-bbf00000 rw-p 00000000 00:00 0 
bbf00000-c5000000 rw-p 00000000 00:00 0 
c5000000-c7700000 rw-p 00000000 00:00 0 
c7700000-ec500000 rw-p 00000000 00:00 0 
ec500000-ed900000 rw-p 00000000 00:00 0 
ed900000-100000000 rw-p 00000000 00:00 0 
7f14d0558000-7f14d0559000 ---p 00000000 00:00 0 
7f14d0559000-7f14d0659000 rw-p 00000000 00:00 0 
7f14d0659000-7f14d065a000 ---p 00000000 00:00 0 
7f14d065a000-7f14d0765000 rw-p 00000000 00:00 0 
7f14d0765000-7f14d07ad000 rw-p 00000000 00:00 0 
7f14d07ad000-7f14d07b8000 rw-p 00000000 00:00 0 
7f14d07b8000-7f14d0800000 rw-p 00000000 00:00 0 
7f14d0800000-7f14d0814000 rw-p 00000000 00:00 0 
7f14d0814000-7f14d093a000 rw-p 00000000 00:00 0 
7f14d093a000-7f14d0945000 rw-p 00000000 00:00 0 
7f14d0945000-7f14d09d8000 rw-p 00000000 00:00 0 
7f14d09d8000-7f14d09d9000 rw-p 00000000 00:00 0 
7f14d09d9000-7f14d0c49000 rwxp 00000000 00:00 0 
7f14d0c49000-7f14d39d9000 rw-p 00000000 00:00 0 
7f14d39d9000-7f14d39e1000 r-xp 00000000 08:01 1662962                    /usr/lib/jvm/java-7-openjdk-amd64/jre/lib/amd64/libzip.so
7f14d39e1000-7f14d3be0000 ---p 00008000 08:01 1662962                    /usr/lib/jvm/java-7-openjdk-amd64/jre/lib/amd64/libzip.so
7f14d3be0000-7f14d3be1000 r--p 00007000 08:01 1662962                    /usr/lib/jvm/java-7-openjdk-amd64/jre/lib/amd64/libzip.so
7f14d3be1000-7f14d3be2000 rw-p 00008000 08:01 1662962                    /usr/lib/jvm/java-7-openjdk-amd64/jre/lib/amd64/libzip.so
7f14d3be2000-7f14d3bed000 r-xp 00000000 08:01 1570070                    /lib/x86_64-linux-gnu/libnss_files-2.23.so
7f14d3bed000-7f14d3dec000 ---p 0000b000 08:01 1570070                    /lib/x86_64-linux-gnu/libnss_files-2.23.so
7f14d3dec000-7f14d3ded000 r--p 0000a000 08:01 1570070                    /lib/x86_64-linux-gnu/libnss_files-2.23.so
7f14d3ded000-7f14d3dee000 rw-p 0000b000 08:01 1570070                    /lib/x86_64-linux-gnu/libnss_files-2.23.so
7f14d3dee000-7f14d3df4000 rw-p 00000000 00:00 0 
7f14d3df4000-7f14d3dff000 r-xp 00000000 08:01 1570067                    /lib/x86_64-linux-gnu/libnss_nis-2.23.so
7f14d3dff000-7f14d3ffe000 ---p 0000b000 08:01 1570067                    /lib/x86_64-linux-gnu/libnss_nis-2.23.so
7f14d3ffe000-7f14d3fff000 r--p 0000a000 08:01 1570067                    /lib/x86_64-linux-gnu/libnss_nis-2.23.so
7f14d3fff000-7f14d4000000 rw-p 0000b000 08:01 1570067                    /lib/x86_64-linux-gnu/libnss_nis-2.23.so
7f14d4000000-7f14d402c000 rw-p 00000000 00:00 0 
7f14d402c000-7f14d8000000 ---p 00000000 00:00 0 
7f14d804e000-7f14d8062000 rw-p 00000000 00:00 0 
7f14d8062000-7f14d8189000 rw-p 00000000 00:00 0 
7f14d8189000-7f14d819f000 r-xp 00000000 08:01 1570065                    /lib/x86_64-linux-gnu/libnsl-2.23.so
7f14d819f000-7f14d839e000 ---p 00016000 08:01 1570065                    /lib/x86_64-linux-gnu/libnsl-2.23.so
7f14d839e000-7f14d839f000 r--p 00015000 08:01 1570065                    /lib/x86_64-linux-gnu/libnsl-2.23.so
7f14d839f000-7f14d83a0000 rw-p 00016000 08:01 1570065                    /lib/x86_64-linux-gnu/libnsl-2.23.so
7f14d83a0000-7f14d83a2000 rw-p 00000000 00:00 0 
7f14d83a2000-7f14d83aa000 r-xp 00000000 08:01 1570063                    /lib/x86_64-linux-gnu/libnss_compat-2.23.so
7f14d83aa000-7f14d85a9000 ---p 00008000 08:01 1570063                    /lib/x86_64-linux-gnu/libnss_compat-2.23.so
7f14d85a9000-7f14d85aa000 r--p 00007000 08:01 1570063                    /lib/x86_64-linux-gnu/libnss_compat-2.23.so
7f14d85aa000-7f14d85ab000 rw-p 00008000 08:01 1570063                    /lib/x86_64-linux-gnu/libnss_compat-2.23.so
7f14d85ab000-7f14d85d5000 r-xp 00000000 08:01 1662961                    /usr/lib/jvm/java-7-openjdk-amd64/jre/lib/amd64/libjava.so
7f14d85d5000-7f14d87d5000 ---p 0002a000 08:01 1662961                    /usr/lib/jvm/java-7-openjdk-amd64/jre/lib/amd64/libjava.so
7f14d87d5000-7f14d87d6000 r--p 0002a000 08:01 1662961                    /usr/lib/jvm/java-7-openjdk-amd64/jre/lib/amd64/libjava.so
7f14d87d6000-7f14d87d8000 rw-p 0002b000 08:01 1662961                    /usr/lib/jvm/java-7-openjdk-amd64/jre/lib/amd64/libjava.so
7f14d87d8000-7f14d87e8000 r-xp 00000000 08:01 1662963                    /usr/lib/jvm/java-7-openjdk-amd64/jre/lib/amd64/libverify.so
7f14d87e8000-7f14d89e7000 ---p 00010000 08:01 1662963                    /usr/lib/jvm/java-7-openjdk-amd64/jre/lib/amd64/libverify.so
7f14d89e7000-7f14d89e9000 r--p 0000f000 08:01 1662963                    /usr/lib/jvm/java-7-openjdk-amd64/jre/lib/amd64/libverify.so
7f14d89e9000-7f14d89ea000 rw-p 00011000 08:01 1662963                    /usr/lib/jvm/java-7-openjdk-amd64/jre/lib/amd64/libverify.so
7f14d89ea000-7f14d89f1000 r-xp 00000000 08:01 1570079                    /lib/x86_64-linux-gnu/librt-2.23.so
7f14d89f1000-7f14d8bf0000 ---p 00007000 08:01 1570079                    /lib/x86_64-linux-gnu/librt-2.23.so
7f14d8bf0000-7f14d8bf1000 r--p 00006000 08:01 1570079                    /lib/x86_64-linux-gnu/librt-2.23.so
7f14d8bf1000-7f14d8bf2000 rw-p 00007000 08:01 1570079                    /lib/x86_64-linux-gnu/librt-2.23.so
7f14d8bf2000-7f14d8c08000 r-xp 00000000 08:01 1569872                    /lib/x86_64-linux-gnu/libgcc_s.so.1
7f14d8c08000-7f14d8e07000 ---p 00016000 08:01 1569872                    /lib/x86_64-linux-gnu/libgcc_s.so.1
7f14d8e07000-7f14d8e08000 rw-p 00015000 08:01 1569872                    /lib/x86_64-linux-gnu/libgcc_s.so.1
7f14d8e08000-7f14d8f10000 r-xp 00000000 08:01 1570076                    /lib/x86_64-linux-gnu/libm-2.23.so
7f14d8f10000-7f14d910f000 ---p 00108000 08:01 1570076                    /lib/x86_64-linux-gnu/libm-2.23.so
7f14d910f000-7f14d9110000 r--p 00107000 08:01 1570076                    /lib/x86_64-linux-gnu/libm-2.23.so
7f14d9110000-7f14d9111000 rw-p 00108000 08:01 1570076                    /lib/x86_64-linux-gnu/libm-2.23.so
7f14d9111000-7f14d9283000 r-xp 00000000 08:01 1108866                    /usr/lib/x86_64-linux-gnu/libstdc++.so.6.0.21
7f14d9283000-7f14d9483000 ---p 00172000 08:01 1108866                    /usr/lib/x86_64-linux-gnu/libstdc++.so.6.0.21
7f14d9483000-7f14d948d000 r--p 00172000 08:01 1108866                    /usr/lib/x86_64-linux-gnu/libstdc++.so.6.0.21
7f14d948d000-7f14d948f000 rw-p 0017c000 08:01 1108866                    /usr/lib/x86_64-linux-gnu/libstdc++.so.6.0.21
7f14d948f000-7f14d9493000 rw-p 00000000 00:00 0 
7f14d9493000-7f14d9fc1000 r-xp 00000000 08:01 1662935                    /usr/lib/jvm/java-7-openjdk-amd64/jre/lib/amd64/server/libjvm.so
7f14d9fc1000-7f14da1c1000 ---p 00b2e000 08:01 1662935                    /usr/lib/jvm/java-7-openjdk-amd64/jre/lib/amd64/server/libjvm.so
7f14da1c1000-7f14da25b000 r--p 00b2e000 08:01 1662935                    /usr/lib/jvm/java-7-openjdk-amd64/jre/lib/amd64/server/libjvm.so
7f14da25b000-7f14da27e000 rw-p 00bc8000 08:01 1662935                    /usr/lib/jvm/java-7-openjdk-amd64/jre/lib/amd64/server/libjvm.so
7f14da27e000-7f14da2ad000 rw-p 00000000 00:00 0 
7f14da2ad000-7f14da2c6000 r-xp 00000000 08:01 1569966                    /lib/x86_64-linux-gnu/libz.so.1.2.8
7f14da2c6000-7f14da4c5000 ---p 00019000 08:01 1569966                    /lib/x86_64-linux-gnu/libz.so.1.2.8
7f14da4c5000-7f14da4c6000 r--p 00018000 08:01 1569966                    /lib/x86_64-linux-gnu/libz.so.1.2.8
7f14da4c6000-7f14da4c7000 rw-p 00019000 08:01 1569966                    /lib/x86_64-linux-gnu/libz.so.1.2.8
7f14da4c7000-7f14da4df000 r-xp 00000000 08:01 1570083                    /lib/x86_64-linux-gnu/libpthread-2.23.so
7f14da4df000-7f14da6de000 ---p 00018000 08:01 1570083                    /lib/x86_64-linux-gnu/libpthread-2.23.so
7f14da6de000-7f14da6df000 r--p 00017000 08:01 1570083                    /lib/x86_64-linux-gnu/libpthread-2.23.so
7f14da6df000-7f14da6e0000 rw-p 00018000 08:01 1570083                    /lib/x86_64-linux-gnu/libpthread-2.23.so
7f14da6e0000-7f14da6e4000 rw-p 00000000 00:00 0 
7f14da6e4000-7f14da6e7000 r-xp 00000000 08:01 1570085                    /lib/x86_64-linux-gnu/libdl-2.23.so
7f14da6e7000-7f14da8e6000 ---p 00003000 08:01 1570085                    /lib/x86_64-linux-gnu/libdl-2.23.so
7f14da8e6000-7f14da8e7000 r--p 00002000 08:01 1570085                    /lib/x86_64-linux-gnu/libdl-2.23.so
7f14da8e7000-7f14da8e8000 rw-p 00003000 08:01 1570085                    /lib/x86_64-linux-gnu/libdl-2.23.so
7f14da8e8000-7f14daaa8000 r-xp 00000000 08:01 1570084                    /lib/x86_64-linux-gnu/libc-2.23.so
7f14daaa8000-7f14daca7000 ---p 001c0000 08:01 1570084                    /lib/x86_64-linux-gnu/libc-2.23.so
7f14daca7000-7f14dacab000 r--p 001bf000 08:01 1570084                    /lib/x86_64-linux-gnu/libc-2.23.so
7f14dacab000-7f14dacad000 rw-p 001c3000 08:01 1570084                    /lib/x86_64-linux-gnu/libc-2.23.so
7f14dacad000-7f14dacb1000 rw-p 00000000 00:00 0 
7f14dacb1000-7f14dacbe000 r-xp 00000000 08:01 1662967                    /usr/lib/jvm/java-7-openjdk-amd64/jre/lib/amd64/jli/libjli.so
7f14dacbe000-7f14daebd000 ---p 0000d000 08:01 1662967                    /usr/lib/jvm/java-7-openjdk-amd64/jre/lib/amd64/jli/libjli.so
7f14daebd000-7f14daebe000 r--p 0000c000 08:01 1662967                    /usr/lib/jvm/java-7-openjdk-amd64/jre/lib/amd64/jli/libjli.so
7f14daebe000-7f14daebf000 rw-p 0000d000 08:01 1662967                    /usr/lib/jvm/java-7-openjdk-amd64/jre/lib/amd64/jli/libjli.so
7f14daebf000-7f14daee5000 r-xp 00000000 08:01 1570080                    /lib/x86_64-linux-gnu/ld-2.23.so
7f14daeff000-7f14daf09000 rw-p 00000000 00:00 0 
7f14daf09000-7f14dafbf000 rw-p 00000000 00:00 0 
7f14dafbf000-7f14dafc2000 ---p 00000000 00:00 0 
7f14dafc2000-7f14db0c5000 rw-p 00000000 00:00 0 
7f14db0d8000-7f14db0e0000 rw-s 00000000 08:01 2845410                    /tmp/hsperfdata_sarnobat/6170
7f14db0e0000-7f14db0e1000 rw-p 00000000 00:00 0 
7f14db0e1000-7f14db0e2000 r--p 00000000 00:00 0 
7f14db0e2000-7f14db0e4000 rw-p 00000000 00:00 0 
7f14db0e4000-7f14db0e5000 r--p 00025000 08:01 1570080                    /lib/x86_64-linux-gnu/ld-2.23.so
7f14db0e5000-7f14db0e6000 rw-p 00026000 08:01 1570080                    /lib/x86_64-linux-gnu/ld-2.23.so
7f14db0e6000-7f14db0e7000 rw-p 00000000 00:00 0 
7ffe020c7000-7ffe020e8000 rw-p 00000000 00:00 0                          [stack]
7ffe021ee000-7ffe021f0000 r--p 00000000 00:00 0                          [vvar]
7ffe021f0000-7ffe021f2000 r-xp 00000000 00:00 0                          [vdso]
ffffffffff600000-ffffffffff601000 r-xp 00000000 00:00 0                  [vsyscall]

VM Arguments:
jvm_args: -Dscript.name=/usr/bin/groovy -Dprogram.name=groovy -Dgroovy.starter.conf=/etc/groovy/groovy-starter.conf -Dgroovy.home=/usr/share/groovy -Dtools.jar=/usr/lib/jvm/java-7-openjdk-amd64/jre/lib/tools.jar 
java_command: org.codehaus.groovy.tools.GroovyStarter --main groovy.ui.GroovyMain --conf /etc/groovy/groovy-starter.conf --classpath . url2title.groovy /home/sarnobat/github/chrome_headless/chromedriver_linux64 perl -pe s{ &amp; }{ & }g
Launcher Type: SUN_STANDARD

Environment Variables:
JAVA_HOME=/usr/lib/jvm/java-7-openjdk-amd64/jre
PATH=/usr/bin:/bin
SHELL=/bin/sh
DISPLAY=:99

Signal Handlers:
SIGSEGV: [libjvm.so+0x95e310], sa_mask[0]=0x7ffbfeff, sa_flags=0x10000004
SIGBUS: [libjvm.so+0x95e310], sa_mask[0]=0x7ffbfeff, sa_flags=0x10000004
SIGFPE: [libjvm.so+0x7d1ef0], sa_mask[0]=0x7ffbfeff, sa_flags=0x10000004
SIGPIPE: [libjvm.so+0x7d1ef0], sa_mask[0]=0x7ffbfeff, sa_flags=0x10000004
SIGXFSZ: [libjvm.so+0x7d1ef0], sa_mask[0]=0x7ffbfeff, sa_flags=0x10000004
SIGILL: [libjvm.so+0x7d1ef0], sa_mask[0]=0x7ffbfeff, sa_flags=0x10000004
SIGUSR1: SIG_DFL, sa_mask[0]=0x00000000, sa_flags=0x00000000
SIGUSR2: [libjvm.so+0x7d2020], sa_mask[0]=0x00000000, sa_flags=0x10000004
SIGHUP: SIG_DFL, sa_mask[0]=0x00000000, sa_flags=0x00000000
SIGINT: SIG_DFL, sa_mask[0]=0x00000000, sa_flags=0x00000000
SIGTERM: SIG_DFL, sa_mask[0]=0x00000000, sa_flags=0x00000000
SIGQUIT: SIG_DFL, sa_mask[0]=0x00000000, sa_flags=0x00000000
SIGTRAP: SIG_DFL, sa_mask[0]=0x00000000, sa_flags=0x00000000


---------------  S Y S T E M  ---------------

OS:Ubuntu 16.04 (xenial)
uname:Linux 4.4.0-21-generic #37-Ubuntu SMP Mon Apr 18 18:33:37 UTC 2016 x86_64
libc:glibc 2.23 NPTL 2.23 
rlimit: STACK 8192k, CORE 0k, NPROC 14941, NOFILE 65536, AS infinity
load average:0.25 0.27 0.19

/proc/meminfo:
MemTotal:        3863864 kB
MemFree:          567800 kB
MemAvailable:    1115264 kB
Buffers:           74012 kB
Cached:           410284 kB
SwapCached:        96356 kB
Active:          1987764 kB
Inactive:        1037544 kB
Active(anon):    1735704 kB
Inactive(anon):   830476 kB
Active(file):     252060 kB
Inactive(file):   207068 kB
Unevictable:           0 kB
Mlocked:               0 kB
SwapTotal:       4007932 kB
SwapFree:        1303328 kB
Dirty:              3328 kB
Writeback:             0 kB
AnonPages:       2459292 kB
Mapped:            75900 kB
Shmem:             25276 kB
Slab:             166684 kB
SReclaimable:     117364 kB
SUnreclaim:        49320 kB
KernelStack:       16304 kB
PageTables:        39460 kB
NFS_Unstable:          0 kB
Bounce:                0 kB
WritebackTmp:          0 kB
CommitLimit:     5939864 kB
Committed_AS:    9643600 kB
VmallocTotal:   34359738367 kB
VmallocUsed:           0 kB
VmallocChunk:          0 kB
HardwareCorrupted:     0 kB
AnonHugePages:   1679360 kB
CmaTotal:              0 kB
CmaFree:               0 kB
HugePages_Total:       0
HugePages_Free:        0
HugePages_Rsvd:        0
HugePages_Surp:        0
Hugepagesize:       2048 kB
DirectMap4k:      382592 kB
DirectMap2M:     3627008 kB


CPU:total 4 (2 cores per cpu, 2 threads per core) family 6 model 58 stepping 9, cmov, cx8, fxsr, mmx, sse, sse2, sse3, ssse3, sse4.1, sse4.2, popcnt, avx, aes, erms, ht, tsc, tscinvbit, tscinv

/proc/cpuinfo:
processor	: 0
vendor_id	: GenuineIntel
cpu family	: 6
model		: 58
model name	: Intel(R) Core(TM) i5-3427U CPU @ 1.80GHz
stepping	: 9
microcode	: 0x17
cpu MHz		: 2616.339
cache size	: 3072 KB
physical id	: 0
siblings	: 4
core id		: 0
cpu cores	: 2
apicid		: 0
initial apicid	: 0
fpu		: yes
fpu_exception	: yes
cpuid level	: 13
wp		: yes
flags		: fpu vme de pse tsc msr pae mce cx8 apic sep mtrr pge mca cmov pat pse36 clflush dts acpi mmx fxsr sse sse2 ss ht tm pbe syscall nx rdtscp lm constant_tsc arch_perfmon pebs bts rep_good nopl xtopology nonstop_tsc aperfmperf eagerfpu pni pclmulqdq dtes64 monitor ds_cpl vmx smx est tm2 ssse3 cx16 xtpr pdcm pcid sse4_1 sse4_2 x2apic popcnt tsc_deadline_timer aes xsave avx f16c rdrand lahf_lm epb tpr_shadow vnmi flexpriority ept vpid fsgsbase smep erms xsaveopt dtherm ida arat pln pts
bugs		:
bogomips	: 4589.78
clflush size	: 64
cache_alignment	: 64
address sizes	: 36 bits physical, 48 bits virtual
power management:

processor	: 1
vendor_id	: GenuineIntel
cpu family	: 6
model		: 58
model name	: Intel(R) Core(TM) i5-3427U CPU @ 1.80GHz
stepping	: 9
microcode	: 0x17
cpu MHz		: 2587.500
cache size	: 3072 KB
physical id	: 0
siblings	: 4
core id		: 1
cpu cores	: 2
apicid		: 2
initial apicid	: 2
fpu		: yes
fpu_exception	: yes
cpuid level	: 13
wp		: yes
flags		: fpu vme de pse tsc msr pae mce cx8 apic sep mtrr pge mca cmov pat pse36 clflush dts acpi mmx fxsr sse sse2 ss ht tm pbe syscall nx rdtscp lm constant_tsc arch_perfmon pebs bts rep_good nopl xtopology nonstop_tsc aperfmperf eagerfpu pni pclmulqdq dtes64 monitor ds_cpl vmx smx est tm2 ssse3 cx16 xtpr pdcm pcid sse4_1 sse4_2 x2apic popcnt tsc_deadline_timer aes xsave avx f16c rdrand lahf_lm epb tpr_shadow vnmi flexpriority ept vpid fsgsbase smep erms xsaveopt dtherm ida arat pln pts
bugs		:
bogomips	: 4589.78
clflush size	: 64
cache_alignment	: 64
address sizes	: 36 bits physical, 48 bits virtual
power management:

processor	: 2
vendor_id	: GenuineIntel
cpu family	: 6
model		: 58
model name	: Intel(R) Core(TM) i5-3427U CPU @ 1.80GHz
stepping	: 9
microcode	: 0x17
cpu MHz		: 2603.042
cache size	: 3072 KB
physical id	: 0
siblings	: 4
core id		: 0
cpu cores	: 2
apicid		: 1
initial apicid	: 1
fpu		: yes
fpu_exception	: yes
cpuid level	: 13
wp		: yes
flags		: fpu vme de pse tsc msr pae mce cx8 apic sep mtrr pge mca cmov pat pse36 clflush dts acpi mmx fxsr sse sse2 ss ht tm pbe syscall nx rdtscp lm constant_tsc arch_perfmon pebs bts rep_good nopl xtopology nonstop_tsc aperfmperf eagerfpu pni pclmulqdq dtes64 monitor ds_cpl vmx smx est tm2 ssse3 cx16 xtpr pdcm pcid sse4_1 sse4_2 x2apic popcnt tsc_deadline_timer aes xsave avx f16c rdrand lahf_lm epb tpr_shadow vnmi flexpriority ept vpid fsgsbase smep erms xsaveopt dtherm ida arat pln pts
bugs		:
bogomips	: 4589.78
clflush size	: 64
cache_alignment	: 64
address sizes	: 36 bits physical, 48 bits virtual
power management:

processor	: 3
vendor_id	: GenuineIntel
cpu family	: 6
model		: 58
model name	: Intel(R) Core(TM) i5-3427U CPU @ 1.80GHz
stepping	: 9
microcode	: 0x17
cpu MHz		: 2746.164
cache size	: 3072 KB
physical id	: 0
siblings	: 4
core id		: 1
cpu cores	: 2
apicid		: 3
initial apicid	: 3
fpu		: yes
fpu_exception	: yes
cpuid level	: 13
wp		: yes
flags		: fpu vme de pse tsc msr pae mce cx8 apic sep mtrr pge mca cmov pat pse36 clflush dts acpi mmx fxsr sse sse2 ss ht tm pbe syscall nx rdtscp lm constant_tsc arch_perfmon pebs bts rep_good nopl xtopology nonstop_tsc aperfmperf eagerfpu pni pclmulqdq dtes64 monitor ds_cpl vmx smx est tm2 ssse3 cx16 xtpr pdcm pcid sse4_1 sse4_2 x2apic popcnt tsc_deadline_timer aes xsave avx f16c rdrand lahf_lm epb tpr_shadow vnmi flexpriority ept vpid fsgsbase smep erms xsaveopt dtherm ida arat pln pts
bugs		:
bogomips	: 4589.78
clflush size	: 64
cache_alignment	: 64
address sizes	: 36 bits physical, 48 bits virtual
power management:



Memory: 4k page, physical 3863864k(567800k free), swap 4007932k(1303328k free)

vm_info: OpenJDK 64-Bit Server VM (24.121-b00) for linux-amd64 JRE (1.7.0_121-b00), built on Nov 16 2016 00:46:21 by "buildd" with gcc 4.8.4

time: Mon Oct  2 18:10:01 2017
elapsed time: 0 seconds

