
https://forums.liverpoolfc.com/index.php
http://www.liverpoolfc.com/
https://forums.liverpoolfc.com/faq.php
https://www.liverpoolfc.com/my-lfc/login?referer=https%3A%2F%2Fforums.liverpoolfc.com%2Findex.php
https://www.liverpoolfc.com/my-lfc/free-registration
https://forums.liverpoolfc.com/index.php
https://forums.liverpoolfc.com/search.php?do=getdaily&contenttype=vBForum_Post
https://forums.liverpoolfc.com/search.php?do=getdaily&contenttype=vBForum_Post
https://forums.liverpoolfc.com/search.php?do=getdaily&contenttype=vBForum_SocialGroupMessage
https://forums.liverpoolfc.com/search.php?do=getdaily&contenttype=vBForum_Event
https://forums.liverpoolfc.com/forumdisplay.php?do=markread&markreadhash=guest
https://forums.liverpoolfc.com/search.php
https://forums.liverpoolfc.com/index.php
https://forums.liverpoolfc.com/search.php
http://www.liverpoolfc.com/fans/the-kop-rules/
http://www.liverpoolfc.com/my-lfc/join/options
https://forums.liverpoolfc.com/members/134992-7-Megabytes?s=708f7455a04f742409e85b62d32b2c58
javascript://
javascript://
https://forums.liverpoolfc.com/search.php?searchid=9586413&pp=&page=2
https://forums.liverpoolfc.com/search.php?searchid=9586413&pp=&page=3
https://forums.liverpoolfc.com/search.php?searchid=9586413&pp=&page=4
https://forums.liverpoolfc.com/search.php?searchid=9586413&pp=&page=2
https://forums.liverpoolfc.com/threads/405350-Unnoteworthy-matches
https://forums.liverpoolfc.com/members/134992-7-Megabytes
https://forums.liverpoolfc.com/members/521797-aylesbyred
https://forums.liverpoolfc.com/threads/405350-Unnoteworthy-matches?p=15101193#post15101193
https://forums.liverpoolfc.com/forums/8-LFCTV-GO-Football-Forum
https://forums.liverpoolfc.com/threads/408350-1990s-football-nostalgia
https://forums.liverpoolfc.com/members/134992-7-Megabytes
https://forums.liverpoolfc.com/threads/408350-1990s-football-nostalgia
https://forums.liverpoolfc.com/threads/408350-1990s-football-nostalgia/page2
https://forums.liverpoolfc.com/threads/408350-1990s-football-nostalgia/page3
https://forums.liverpoolfc.com/threads/408350-1990s-football-nostalgia/page4
https://forums.liverpoolfc.com/members/134992-7-Megabytes
https://forums.liverpoolfc.com/threads/408350-1990s-football-nostalgia?p=15088432#post15088432
https://forums.liverpoolfc.com/forums/8-LFCTV-GO-Football-Forum
https://forums.liverpoolfc.com/threads/401399-Season-review-DVDs
https://forums.liverpoolfc.com/members/134992-7-Megabytes
https://forums.liverpoolfc.com/threads/401399-Season-review-DVDs
https://forums.liverpoolfc.com/threads/401399-Season-review-DVDs/page2
https://forums.liverpoolfc.com/threads/401399-Season-review-DVDs/page3
https://forums.liverpoolfc.com/members/134992-7-Megabytes
https://forums.liverpoolfc.com/threads/401399-Season-review-DVDs?p=15081131#post15081131
https://forums.liverpoolfc.com/forums/8-LFCTV-GO-Football-Forum
https://forums.liverpoolfc.com/threads/407385-History-thread
https://forums.liverpoolfc.com/members/134992-7-Megabytes
https://forums.liverpoolfc.com/threads/407385-History-thread
https://forums.liverpoolfc.com/threads/407385-History-thread/page2
https://forums.liverpoolfc.com/members/1005026-Boston-Sox
https://forums.liverpoolfc.com/threads/407385-History-thread?p=15079711#post15079711
https://forums.liverpoolfc.com/forums/6-Other-Topics-Discussion
https://forums.liverpoolfc.com/threads/408723-Deservingness-in-our-cup-final-outcomes-weak-correlation
https://forums.liverpoolfc.com/members/134992-7-Megabytes
https://forums.liverpoolfc.com/members/2262209-NY-Mike
https://forums.liverpoolfc.com/threads/408723-Deservingness-in-our-cup-final-outcomes-weak-correlation?p=15073647#post15073647
https://forums.liverpoolfc.com/forums/8-LFCTV-GO-Football-Forum
https://forums.liverpoolfc.com/threads/408716-Transitional-summers-how-vulnerable-do-you-feel
https://forums.liverpoolfc.com/members/134992-7-Megabytes
https://forums.liverpoolfc.com/members/692098-Paullfc1976
https://forums.liverpoolfc.com/threads/408716-Transitional-summers-how-vulnerable-do-you-feel?p=15073324#post15073324
https://forums.liverpoolfc.com/forums/8-LFCTV-GO-Football-Forum
https://forums.liverpoolfc.com/threads/408698-All-things-considered-are-you-glad-VAR-was-introduced
https://forums.liverpoolfc.com/members/134992-7-Megabytes
https://forums.liverpoolfc.com/threads/408698-All-things-considered-are-you-glad-VAR-was-introduced
https://forums.liverpoolfc.com/threads/408698-All-things-considered-are-you-glad-VAR-was-introduced/page2
https://forums.liverpoolfc.com/members/858919-am-shanks
https://forums.liverpoolfc.com/threads/408698-All-things-considered-are-you-glad-VAR-was-introduced?p=15070375#post15070375
https://forums.liverpoolfc.com/forums/8-LFCTV-GO-Football-Forum
https://forums.liverpoolfc.com/threads/408679-Comforting-things-to-remember-when-you-lose-on-the-biggest-stage
https://forums.liverpoolfc.com/members/134992-7-Megabytes
https://forums.liverpoolfc.com/members/19371-spider-neil
https://forums.liverpoolfc.com/threads/408679-Comforting-things-to-remember-when-you-lose-on-the-biggest-stage?p=15066381#post15066381
https://forums.liverpoolfc.com/forums/8-LFCTV-GO-Football-Forum
https://forums.liverpoolfc.com/threads/408526-CL-Final-Liverpool-v-Real-Madrid-(Paris-Saturday-May-28th)
https://forums.liverpoolfc.com/members/134992-7-Megabytes
https://forums.liverpoolfc.com/threads/408526-CL-Final-Liverpool-v-Real-Madrid-(Paris-Saturday-May-28th)
https://forums.liverpoolfc.com/threads/408526-CL-Final-Liverpool-v-Real-Madrid-(Paris-Saturday-May-28th)/page2
https://forums.liverpoolfc.com/threads/408526-CL-Final-Liverpool-v-Real-Madrid-(Paris-Saturday-May-28th)/page3
https://forums.liverpoolfc.com/threads/408526-CL-Final-Liverpool-v-Real-Madrid-(Paris-Saturday-May-28th)/page76
https://forums.liverpoolfc.com/members/552035-FIOS
https://forums.liverpoolfc.com/threads/408526-CL-Final-Liverpool-v-Real-Madrid-(Paris-Saturday-May-28th)?p=15059555#post15059555
https://forums.liverpoolfc.com/forums/8-LFCTV-GO-Football-Forum
https://forums.liverpoolfc.com/threads/408574-(rant)-Spider-cam-for-penalty-shootouts
https://forums.liverpoolfc.com/members/134992-7-Megabytes
https://forums.liverpoolfc.com/members/3005126-Lukadamainman
https://forums.liverpoolfc.com/threads/408574-(rant)-Spider-cam-for-penalty-shootouts?p=15039323#post15039323
https://forums.liverpoolfc.com/forums/8-LFCTV-GO-Football-Forum
https://forums.liverpoolfc.com/threads/408572-Should-we-go-back-to-coin-tosses-instead-of-penalty-shootouts
https://forums.liverpoolfc.com/members/134992-7-Megabytes
https://forums.liverpoolfc.com/members/692098-Paullfc1976
https://forums.liverpoolfc.com/threads/408572-Should-we-go-back-to-coin-tosses-instead-of-penalty-shootouts?p=15039216#post15039216
https://forums.liverpoolfc.com/forums/8-LFCTV-GO-Football-Forum
https://forums.liverpoolfc.com/threads/408495-Logistics-of-player-routine-during-crowded-fixture-period
https://forums.liverpoolfc.com/members/134992-7-Megabytes
https://forums.liverpoolfc.com/members/134992-7-Megabytes
https://forums.liverpoolfc.com/threads/408495-Logistics-of-player-routine-during-crowded-fixture-period?p=15018895#post15018895
https://forums.liverpoolfc.com/forums/8-LFCTV-GO-Football-Forum
https://forums.liverpoolfc.com/threads/408432-Flares-do-we-risk-punishment
https://forums.liverpoolfc.com/members/134992-7-Megabytes
https://forums.liverpoolfc.com/threads/408432-Flares-do-we-risk-punishment
https://forums.liverpoolfc.com/threads/408432-Flares-do-we-risk-punishment/page2
https://forums.liverpoolfc.com/threads/408432-Flares-do-we-risk-punishment/page3
https://forums.liverpoolfc.com/members/1637808-LowerCentenary
https://forums.liverpoolfc.com/threads/408432-Flares-do-we-risk-punishment?p=15014792#post15014792
https://forums.liverpoolfc.com/forums/8-LFCTV-GO-Football-Forum
https://forums.liverpoolfc.com/threads/408475-Why-do-we-boo-the-UCL-anthem
https://forums.liverpoolfc.com/members/134992-7-Megabytes
https://forums.liverpoolfc.com/members/134992-7-Megabytes
https://forums.liverpoolfc.com/threads/408475-Why-do-we-boo-the-UCL-anthem?p=15013179#post15013179
https://forums.liverpoolfc.com/forums/8-LFCTV-GO-Football-Forum
https://forums.liverpoolfc.com/threads/408384-Beating-Barcelona-in-the-semis-enroute-to-lifting-the-trophy
https://forums.liverpoolfc.com/members/134992-7-Megabytes
https://forums.liverpoolfc.com/members/3091945-77red96
https://forums.liverpoolfc.com/threads/408384-Beating-Barcelona-in-the-semis-enroute-to-lifting-the-trophy?p=14987106#post14987106
https://forums.liverpoolfc.com/forums/8-LFCTV-GO-Football-Forum
https://forums.liverpoolfc.com/threads/388861-Lookalikes
https://forums.liverpoolfc.com/members/134992-7-Megabytes
https://forums.liverpoolfc.com/threads/388861-Lookalikes
https://forums.liverpoolfc.com/threads/388861-Lookalikes/page2
https://forums.liverpoolfc.com/members/134992-7-Megabytes
https://forums.liverpoolfc.com/threads/388861-Lookalikes?p=14980877#post14980877
https://forums.liverpoolfc.com/forums/6-Other-Topics-Discussion
https://forums.liverpoolfc.com/threads/408340-Xabi-Alonso-sale-to-Real-how-did-you-feel
https://forums.liverpoolfc.com/members/134992-7-Megabytes
https://forums.liverpoolfc.com/members/2017314-El-Nino-91
https://forums.liverpoolfc.com/threads/408340-Xabi-Alonso-sale-to-Real-how-did-you-feel?p=14979039#post14979039
https://forums.liverpoolfc.com/forums/8-LFCTV-GO-Football-Forum
https://forums.liverpoolfc.com/threads/408326-Bizarre-kits-or-kit-combinations
https://forums.liverpoolfc.com/members/134992-7-Megabytes
https://forums.liverpoolfc.com/members/134992-7-Megabytes
https://forums.liverpoolfc.com/threads/408326-Bizarre-kits-or-kit-combinations?p=14975750#post14975750
https://forums.liverpoolfc.com/forums/8-LFCTV-GO-Football-Forum
https://forums.liverpoolfc.com/threads/376036-Miscellaneous-football-history-you-may-not-know
https://forums.liverpoolfc.com/members/134992-7-Megabytes
https://forums.liverpoolfc.com/threads/376036-Miscellaneous-football-history-you-may-not-know
https://forums.liverpoolfc.com/threads/376036-Miscellaneous-football-history-you-may-not-know/page2
https://forums.liverpoolfc.com/threads/376036-Miscellaneous-football-history-you-may-not-know/page3
https://forums.liverpoolfc.com/threads/376036-Miscellaneous-football-history-you-may-not-know/page4
https://forums.liverpoolfc.com/members/134992-7-Megabytes
https://forums.liverpoolfc.com/threads/376036-Miscellaneous-football-history-you-may-not-know?p=14965702#post14965702
https://forums.liverpoolfc.com/forums/8-LFCTV-GO-Football-Forum
https://forums.liverpoolfc.com/threads/408118-How-would-you-react-to-a-grey-away-kit-the-first-ever-time-you-saw-it
https://forums.liverpoolfc.com/members/134992-7-Megabytes
https://forums.liverpoolfc.com/threads/408118-How-would-you-react-to-a-grey-away-kit-the-first-ever-time-you-saw-it
https://forums.liverpoolfc.com/threads/408118-How-would-you-react-to-a-grey-away-kit-the-first-ever-time-you-saw-it/page2
https://forums.liverpoolfc.com/members/1464615-Gegenpressing
https://forums.liverpoolfc.com/threads/408118-How-would-you-react-to-a-grey-away-kit-the-first-ever-time-you-saw-it?p=14965433#post14965433
https://forums.liverpoolfc.com/forums/8-LFCTV-GO-Football-Forum
https://forums.liverpoolfc.com/threads/408250-Clive-Tylsdsley
https://forums.liverpoolfc.com/members/134992-7-Megabytes
https://forums.liverpoolfc.com/members/521797-aylesbyred
https://forums.liverpoolfc.com/threads/408250-Clive-Tylsdsley?p=14961388#post14961388
https://forums.liverpoolfc.com/forums/8-LFCTV-GO-Football-Forum
https://forums.liverpoolfc.com/threads/408257-Players-signed-from-clubs-you-d-never-heard-of
https://forums.liverpoolfc.com/members/134992-7-Megabytes
https://forums.liverpoolfc.com/members/692098-Paullfc1976
https://forums.liverpoolfc.com/threads/408257-Players-signed-from-clubs-you-d-never-heard-of?p=14961372#post14961372
https://forums.liverpoolfc.com/forums/8-LFCTV-GO-Football-Forum
https://forums.liverpoolfc.com/threads/408098-Goalkeeper-dismissed-injured-no-subs-left-who-goes-in-goal
https://forums.liverpoolfc.com/members/134992-7-Megabytes
https://forums.liverpoolfc.com/members/692098-Paullfc1976
https://forums.liverpoolfc.com/threads/408098-Goalkeeper-dismissed-injured-no-subs-left-who-goes-in-goal?p=14925793#post14925793
https://forums.liverpoolfc.com/forums/8-LFCTV-GO-Football-Forum
https://forums.liverpoolfc.com/threads/408087-Liverpool-vs-your-local-team
https://forums.liverpoolfc.com/members/134992-7-Megabytes
https://forums.liverpoolfc.com/threads/408087-Liverpool-vs-your-local-team
https://forums.liverpoolfc.com/threads/408087-Liverpool-vs-your-local-team/page2
https://forums.liverpoolfc.com/members/1076468-tobitrice
https://forums.liverpoolfc.com/threads/408087-Liverpool-vs-your-local-team?p=14925391#post14925391
https://forums.liverpoolfc.com/forums/8-LFCTV-GO-Football-Forum
https://forums.liverpoolfc.com/threads/408035-27-February-2005-Chelsea-vs-Liverpool-(League-Cup-Final)
https://forums.liverpoolfc.com/members/134992-7-Megabytes
https://forums.liverpoolfc.com/members/3462195-BLH
https://forums.liverpoolfc.com/threads/408035-27-February-2005-Chelsea-vs-Liverpool-(League-Cup-Final)?p=14908553#post14908553
https://forums.liverpoolfc.com/forums/8-LFCTV-GO-Football-Forum
javascript://
javascript://
https://forums.liverpoolfc.com/search.php?searchid=9586413&pp=&page=2
https://forums.liverpoolfc.com/search.php?searchid=9586413&pp=&page=3
https://forums.liverpoolfc.com/search.php?searchid=9586413&pp=&page=4
https://forums.liverpoolfc.com/search.php?searchid=9586413&pp=&page=2
https://www.liverpoolfc.com/
https://forums.liverpoolfc.com/archive/index.php
https://forums.liverpoolfc.com/search.php?searchid=9586413#top
https://www.liverpoolfc.com/legal/cookies
https://www.liverpoolfc.com/legal/cookies
https://www.onetrust.com/products/cookie-consent/
----------------------------------------- 
https://forums.liverpoolfc.com/index.php
http://www.liverpoolfc.com/
https://forums.liverpoolfc.com/faq.php
https://www.liverpoolfc.com/my-lfc/login?referer=https%3A%2F%2Fforums.liverpoolfc.com%2Findex.php
https://www.liverpoolfc.com/my-lfc/free-registration
https://forums.liverpoolfc.com/index.php
https://forums.liverpoolfc.com/search.php?do=getdaily&contenttype=vBForum_Post
https://forums.liverpoolfc.com/search.php?do=getdaily&contenttype=vBForum_Post
https://forums.liverpoolfc.com/search.php?do=getdaily&contenttype=vBForum_SocialGroupMessage
https://forums.liverpoolfc.com/search.php?do=getdaily&contenttype=vBForum_Event
https://forums.liverpoolfc.com/forumdisplay.php?do=markread&markreadhash=guest
https://forums.liverpoolfc.com/search.php
https://forums.liverpoolfc.com/index.php
https://forums.liverpoolfc.com/search.php
http://www.liverpoolfc.com/fans/the-kop-rules/
http://www.liverpoolfc.com/my-lfc/join/options
https://forums.liverpoolfc.com/members/134992-7-Megabytes?s=708f7455a04f742409e85b62d32b2c58
javascript://
https://forums.liverpoolfc.com/search.php?searchid=9586413&pp=&page=3
https://forums.liverpoolfc.com/search.php?searchid=9586413&pp=
https://forums.liverpoolfc.com/search.php?searchid=9586413&pp=&page=2
https://forums.liverpoolfc.com/search.php?searchid=9586413&pp=&page=3
javascript://
https://forums.liverpoolfc.com/search.php?searchid=9586413&pp=&page=5
https://forums.liverpoolfc.com/search.php?searchid=9586413&pp=&page=6
https://forums.liverpoolfc.com/search.php?searchid=9586413&pp=&page=7
https://forums.liverpoolfc.com/search.php?searchid=9586413&pp=&page=5
https://forums.liverpoolfc.com/threads/403899-Top-10-matches-of-the-modern-era-(European-edition)
https://forums.liverpoolfc.com/members/134992-7-Megabytes
https://forums.liverpoolfc.com/threads/403899-Top-10-matches-of-the-modern-era-(European-edition)
https://forums.liverpoolfc.com/threads/403899-Top-10-matches-of-the-modern-era-(European-edition)/page2
https://forums.liverpoolfc.com/members/2121919-redhoops
https://forums.liverpoolfc.com/threads/403899-Top-10-matches-of-the-modern-era-(European-edition)?p=14160282#post14160282
https://forums.liverpoolfc.com/forums/8-LFCTV-GO-Football-Forum
https://forums.liverpoolfc.com/threads/403865-Champions-with-an-asterisk-does-it-really-matter
https://forums.liverpoolfc.com/members/134992-7-Megabytes
https://forums.liverpoolfc.com/threads/403865-Champions-with-an-asterisk-does-it-really-matter
https://forums.liverpoolfc.com/threads/403865-Champions-with-an-asterisk-does-it-really-matter/page2
https://forums.liverpoolfc.com/members/1772437-MeanMrMustard
https://forums.liverpoolfc.com/threads/403865-Champions-with-an-asterisk-does-it-really-matter?p=14153328#post14153328
https://forums.liverpoolfc.com/forums/8-LFCTV-GO-Football-Forum
https://forums.liverpoolfc.com/threads/403823-Do-commentators-redeem-themselves-with-memorable-lines-about-us
https://forums.liverpoolfc.com/members/134992-7-Megabytes
https://forums.liverpoolfc.com/members/692098-Paullfc1976
https://forums.liverpoolfc.com/threads/403823-Do-commentators-redeem-themselves-with-memorable-lines-about-us?p=14143282#post14143282
https://forums.liverpoolfc.com/forums/8-LFCTV-GO-Football-Forum
https://forums.liverpoolfc.com/threads/403799-Losing-cup-finalists-who-won-the-tournament-the-next-time-it-was-contested
https://forums.liverpoolfc.com/members/134992-7-Megabytes
https://forums.liverpoolfc.com/members/2121919-redhoops
https://forums.liverpoolfc.com/threads/403799-Losing-cup-finalists-who-won-the-tournament-the-next-time-it-was-contested?p=14141794#post14141794
https://forums.liverpoolfc.com/forums/8-LFCTV-GO-Football-Forum
https://forums.liverpoolfc.com/threads/403763-3rd-biggest-teams-in-various-cities
https://forums.liverpoolfc.com/members/134992-7-Megabytes
https://forums.liverpoolfc.com/threads/403763-3rd-biggest-teams-in-various-cities
https://forums.liverpoolfc.com/threads/403763-3rd-biggest-teams-in-various-cities/page2
https://forums.liverpoolfc.com/threads/403763-3rd-biggest-teams-in-various-cities/page3
https://forums.liverpoolfc.com/members/134992-7-Megabytes
https://forums.liverpoolfc.com/threads/403763-3rd-biggest-teams-in-various-cities?p=14136053#post14136053
https://forums.liverpoolfc.com/forums/8-LFCTV-GO-Football-Forum
https://forums.liverpoolfc.com/threads/403703-Most-inverted-points-against-Liverpool
https://forums.liverpoolfc.com/members/134992-7-Megabytes
https://forums.liverpoolfc.com/members/754584-Euro-6-Times
https://forums.liverpoolfc.com/threads/403703-Most-inverted-points-against-Liverpool?p=14135839#post14135839
https://forums.liverpoolfc.com/forums/8-LFCTV-GO-Football-Forum
https://forums.liverpoolfc.com/threads/403725-Favourite-matches-not-involving-us
https://forums.liverpoolfc.com/members/134992-7-Megabytes
https://forums.liverpoolfc.com/threads/403725-Favourite-matches-not-involving-us
https://forums.liverpoolfc.com/threads/403725-Favourite-matches-not-involving-us/page2
https://forums.liverpoolfc.com/threads/403725-Favourite-matches-not-involving-us/page3
https://forums.liverpoolfc.com/members/3831759-Robocan
https://forums.liverpoolfc.com/threads/403725-Favourite-matches-not-involving-us?p=14135525#post14135525
https://forums.liverpoolfc.com/forums/8-LFCTV-GO-Football-Forum
https://forums.liverpoolfc.com/threads/366009-What-s-the-2nd-most-frequent-thing-you-think-of
https://forums.liverpoolfc.com/members/134992-7-Megabytes
https://forums.liverpoolfc.com/threads/366009-What-s-the-2nd-most-frequent-thing-you-think-of
https://forums.liverpoolfc.com/threads/366009-What-s-the-2nd-most-frequent-thing-you-think-of/page2
https://forums.liverpoolfc.com/members/2051117-Dark-Knight
https://forums.liverpoolfc.com/threads/366009-What-s-the-2nd-most-frequent-thing-you-think-of?p=14128991#post14128991
https://forums.liverpoolfc.com/forums/6-Other-Topics-Discussion
https://forums.liverpoolfc.com/threads/403634-Top-10-matches-of-the-modern-era-(League-edition)
https://forums.liverpoolfc.com/members/134992-7-Megabytes
https://forums.liverpoolfc.com/members/2128199-Mr-Sitter
https://forums.liverpoolfc.com/threads/403634-Top-10-matches-of-the-modern-era-(League-edition)?p=14123315#post14123315
https://forums.liverpoolfc.com/forums/8-LFCTV-GO-Football-Forum
https://forums.liverpoolfc.com/threads/403602-Suggestions-on-matches-to-rewatch-to-fill-the-void
https://forums.liverpoolfc.com/members/134992-7-Megabytes
https://forums.liverpoolfc.com/threads/403602-Suggestions-on-matches-to-rewatch-to-fill-the-void
https://forums.liverpoolfc.com/threads/403602-Suggestions-on-matches-to-rewatch-to-fill-the-void/page2
https://forums.liverpoolfc.com/members/7474-woody
https://forums.liverpoolfc.com/threads/403602-Suggestions-on-matches-to-rewatch-to-fill-the-void?p=14121245#post14121245
https://forums.liverpoolfc.com/forums/8-LFCTV-GO-Football-Forum
https://forums.liverpoolfc.com/threads/403442-Could-this-be-our-year
https://forums.liverpoolfc.com/members/134992-7-Megabytes
https://forums.liverpoolfc.com/threads/403442-Could-this-be-our-year
https://forums.liverpoolfc.com/threads/403442-Could-this-be-our-year/page2
https://forums.liverpoolfc.com/threads/403442-Could-this-be-our-year/page3
https://forums.liverpoolfc.com/members/3091945-77red96
https://forums.liverpoolfc.com/threads/403442-Could-this-be-our-year?p=14119362#post14119362
https://forums.liverpoolfc.com/forums/8-LFCTV-GO-Football-Forum
https://forums.liverpoolfc.com/threads/403323-If-you-could-own-a-2nd-home-in-another-town-where-would-you-like-it-to-be
https://forums.liverpoolfc.com/members/134992-7-Megabytes
https://forums.liverpoolfc.com/members/2162514-Mysteron007
https://forums.liverpoolfc.com/threads/403323-If-you-could-own-a-2nd-home-in-another-town-where-would-you-like-it-to-be?p=14090061#post14090061
https://forums.liverpoolfc.com/forums/6-Other-Topics-Discussion
https://forums.liverpoolfc.com/threads/403321-Parallels-with-Arsenal-s-2002-team
https://forums.liverpoolfc.com/members/134992-7-Megabytes
https://forums.liverpoolfc.com/members/3339714-RodyaRaskolV2
https://forums.liverpoolfc.com/threads/403321-Parallels-with-Arsenal-s-2002-team?p=14075552#post14075552
https://forums.liverpoolfc.com/forums/8-LFCTV-GO-Football-Forum
https://forums.liverpoolfc.com/threads/403313-Klopp-%E2%80%9Cwilling-to-work-in-a-transfer-committee%E2%80%9D-2015-article
https://forums.liverpoolfc.com/members/134992-7-Megabytes
https://forums.liverpoolfc.com/threads/403313-Klopp-%E2%80%9Cwilling-to-work-in-a-transfer-committee%E2%80%9D-2015-article
https://forums.liverpoolfc.com/threads/403313-Klopp-%E2%80%9Cwilling-to-work-in-a-transfer-committee%E2%80%9D-2015-article/page2
https://forums.liverpoolfc.com/threads/403313-Klopp-%E2%80%9Cwilling-to-work-in-a-transfer-committee%E2%80%9D-2015-article/page3
https://forums.liverpoolfc.com/threads/403313-Klopp-%E2%80%9Cwilling-to-work-in-a-transfer-committee%E2%80%9D-2015-article/page4
https://forums.liverpoolfc.com/members/3172570-RobertoBaggio94
https://forums.liverpoolfc.com/threads/403313-Klopp-%E2%80%9Cwilling-to-work-in-a-transfer-committee%E2%80%9D-2015-article?p=14075515#post14075515
https://forums.liverpoolfc.com/forums/8-LFCTV-GO-Football-Forum
https://forums.liverpoolfc.com/threads/403300-Transfer-window-reverts-to-Sept-1st-closing
https://forums.liverpoolfc.com/members/134992-7-Megabytes
https://forums.liverpoolfc.com/members/3346128-Huggz13
https://forums.liverpoolfc.com/threads/403300-Transfer-window-reverts-to-Sept-1st-closing?p=14072694#post14072694
https://forums.liverpoolfc.com/forums/8-LFCTV-GO-Football-Forum
https://forums.liverpoolfc.com/threads/397912-New-camera-angle-(2018-edition)
https://forums.liverpoolfc.com/members/134992-7-Megabytes
https://forums.liverpoolfc.com/members/1031912-angelYNWA
https://forums.liverpoolfc.com/threads/397912-New-camera-angle-(2018-edition)?p=14072438#post14072438
https://forums.liverpoolfc.com/forums/8-LFCTV-GO-Football-Forum
https://forums.liverpoolfc.com/threads/403194-Poll-have-you-ever-witnessed-Liverpool-win-a-league-title-before
https://forums.liverpoolfc.com/members/134992-7-Megabytes
https://forums.liverpoolfc.com/threads/403194-Poll-have-you-ever-witnessed-Liverpool-win-a-league-title-before
https://forums.liverpoolfc.com/threads/403194-Poll-have-you-ever-witnessed-Liverpool-win-a-league-title-before/page2
https://forums.liverpoolfc.com/threads/403194-Poll-have-you-ever-witnessed-Liverpool-win-a-league-title-before/page3
https://forums.liverpoolfc.com/threads/403194-Poll-have-you-ever-witnessed-Liverpool-win-a-league-title-before/page4
https://forums.liverpoolfc.com/members/2320181-Origitime
https://forums.liverpoolfc.com/threads/403194-Poll-have-you-ever-witnessed-Liverpool-win-a-league-title-before?p=14067805#post14067805
https://forums.liverpoolfc.com/forums/8-LFCTV-GO-Football-Forum
https://forums.liverpoolfc.com/threads/403146-If-you-could-control-the-Kop-chanting-what-would-you-tell-them-to-do
https://forums.liverpoolfc.com/members/134992-7-Megabytes
https://forums.liverpoolfc.com/threads/403146-If-you-could-control-the-Kop-chanting-what-would-you-tell-them-to-do
https://forums.liverpoolfc.com/threads/403146-If-you-could-control-the-Kop-chanting-what-would-you-tell-them-to-do/page2
https://forums.liverpoolfc.com/members/2262209-NY-Mike
https://forums.liverpoolfc.com/threads/403146-If-you-could-control-the-Kop-chanting-what-would-you-tell-them-to-do?p=14050269#post14050269
https://forums.liverpoolfc.com/forums/8-LFCTV-GO-Football-Forum
https://forums.liverpoolfc.com/threads/403075-What-are-some-things-you-like-about-Klopp
https://forums.liverpoolfc.com/members/134992-7-Megabytes
https://forums.liverpoolfc.com/threads/403075-What-are-some-things-you-like-about-Klopp
https://forums.liverpoolfc.com/threads/403075-What-are-some-things-you-like-about-Klopp/page2
https://forums.liverpoolfc.com/members/60375-Dreamof20
https://forums.liverpoolfc.com/threads/403075-What-are-some-things-you-like-about-Klopp?p=14037603#post14037603
https://forums.liverpoolfc.com/forums/8-LFCTV-GO-Football-Forum
https://forums.liverpoolfc.com/threads/402613-Don-t-you-just-love-our-offside-traps
https://forums.liverpoolfc.com/members/134992-7-Megabytes
https://forums.liverpoolfc.com/members/2100736-Narfey-Narf
https://forums.liverpoolfc.com/threads/402613-Don-t-you-just-love-our-offside-traps?p=14036411#post14036411
https://forums.liverpoolfc.com/forums/8-LFCTV-GO-Football-Forum
https://forums.liverpoolfc.com/threads/403064-Players-who-ve-played-together-at-LFC-and-another-club
https://forums.liverpoolfc.com/members/134992-7-Megabytes
https://forums.liverpoolfc.com/threads/403064-Players-who-ve-played-together-at-LFC-and-another-club
https://forums.liverpoolfc.com/threads/403064-Players-who-ve-played-together-at-LFC-and-another-club/page2
https://forums.liverpoolfc.com/threads/403064-Players-who-ve-played-together-at-LFC-and-another-club/page3
https://forums.liverpoolfc.com/members/847690-GivinItBifters
https://forums.liverpoolfc.com/threads/403064-Players-who-ve-played-together-at-LFC-and-another-club?p=14035494#post14035494
https://forums.liverpoolfc.com/forums/8-LFCTV-GO-Football-Forum
https://forums.liverpoolfc.com/threads/402562-The-quot-What-are-you-buying-quot-thread
https://forums.liverpoolfc.com/members/134992-7-Megabytes
https://forums.liverpoolfc.com/threads/402562-The-quot-What-are-you-buying-quot-thread
https://forums.liverpoolfc.com/threads/402562-The-quot-What-are-you-buying-quot-thread/page2
https://forums.liverpoolfc.com/members/2101685-Anfieldreds1980
https://forums.liverpoolfc.com/threads/402562-The-quot-What-are-you-buying-quot-thread?p=14009171#post14009171
https://forums.liverpoolfc.com/forums/6-Other-Topics-Discussion
https://forums.liverpoolfc.com/threads/402732-Goalkeepers-wearing-full-length-trackpants
https://forums.liverpoolfc.com/members/134992-7-Megabytes
https://forums.liverpoolfc.com/threads/402732-Goalkeepers-wearing-full-length-trackpants
https://forums.liverpoolfc.com/threads/402732-Goalkeepers-wearing-full-length-trackpants/page2
https://forums.liverpoolfc.com/members/2427798-Alison-Becker
https://forums.liverpoolfc.com/threads/402732-Goalkeepers-wearing-full-length-trackpants?p=13985152#post13985152
https://forums.liverpoolfc.com/forums/8-LFCTV-GO-Football-Forum
https://forums.liverpoolfc.com/threads/402671-%E2%80%9CLive-to-regret%E2%80%9D-vs-%E2%80%9CRegret%E2%80%9D
https://forums.liverpoolfc.com/members/134992-7-Megabytes
https://forums.liverpoolfc.com/threads/402671-%E2%80%9CLive-to-regret%E2%80%9D-vs-%E2%80%9CRegret%E2%80%9D
https://forums.liverpoolfc.com/threads/402671-%E2%80%9CLive-to-regret%E2%80%9D-vs-%E2%80%9CRegret%E2%80%9D/page2
https://forums.liverpoolfc.com/threads/402671-%E2%80%9CLive-to-regret%E2%80%9D-vs-%E2%80%9CRegret%E2%80%9D/page3
https://forums.liverpoolfc.com/threads/402671-%E2%80%9CLive-to-regret%E2%80%9D-vs-%E2%80%9CRegret%E2%80%9D/page4
https://forums.liverpoolfc.com/members/1224517-OLI1879
https://forums.liverpoolfc.com/threads/402671-%E2%80%9CLive-to-regret%E2%80%9D-vs-%E2%80%9CRegret%E2%80%9D?p=13974053#post13974053
https://forums.liverpoolfc.com/forums/8-LFCTV-GO-Football-Forum
https://forums.liverpoolfc.com/threads/402159-What-are-some-past-failures-you-want-the-club-to-get-redemption-for
https://forums.liverpoolfc.com/members/134992-7-Megabytes
https://forums.liverpoolfc.com/threads/402159-What-are-some-past-failures-you-want-the-club-to-get-redemption-for
https://forums.liverpoolfc.com/threads/402159-What-are-some-past-failures-you-want-the-club-to-get-redemption-for/page2
https://forums.liverpoolfc.com/members/17733-Far-Away-Red
https://forums.liverpoolfc.com/threads/402159-What-are-some-past-failures-you-want-the-club-to-get-redemption-for?p=13972142#post13972142
https://forums.liverpoolfc.com/forums/8-LFCTV-GO-Football-Forum
javascript://
https://forums.liverpoolfc.com/search.php?searchid=9586413&pp=&page=3
https://forums.liverpoolfc.com/search.php?searchid=9586413&pp=
https://forums.liverpoolfc.com/search.php?searchid=9586413&pp=&page=2
https://forums.liverpoolfc.com/search.php?searchid=9586413&pp=&page=3
javascript://
https://forums.liverpoolfc.com/search.php?searchid=9586413&pp=&page=5
https://forums.liverpoolfc.com/search.php?searchid=9586413&pp=&page=6
https://forums.liverpoolfc.com/search.php?searchid=9586413&pp=&page=7
https://forums.liverpoolfc.com/search.php?searchid=9586413&pp=&page=5
https://www.liverpoolfc.com/
https://forums.liverpoolfc.com/archive/index.php
https://forums.liverpoolfc.com/search.php?searchid=9586413&pp=&page=4#top
https://www.liverpoolfc.com/legal/cookies
https://www.liverpoolfc.com/legal/cookies
https://www.onetrust.com/products/cookie-consent/
----------------------------------------- 
https://forums.liverpoolfc.com/index.php
http://www.liverpoolfc.com/
https://forums.liverpoolfc.com/faq.php
https://www.liverpoolfc.com/my-lfc/login?referer=https%3A%2F%2Fforums.liverpoolfc.com%2Findex.php
https://www.liverpoolfc.com/my-lfc/free-registration
https://forums.liverpoolfc.com/index.php
https://forums.liverpoolfc.com/search.php?do=getdaily&contenttype=vBForum_Post
https://forums.liverpoolfc.com/search.php?do=getdaily&contenttype=vBForum_Post
https://forums.liverpoolfc.com/search.php?do=getdaily&contenttype=vBForum_SocialGroupMessage
https://forums.liverpoolfc.com/search.php?do=getdaily&contenttype=vBForum_Event
https://forums.liverpoolfc.com/forumdisplay.php?do=markread&markreadhash=guest
https://forums.liverpoolfc.com/search.php
https://forums.liverpoolfc.com/index.php
https://forums.liverpoolfc.com/search.php
http://www.liverpoolfc.com/fans/the-kop-rules/
http://www.liverpoolfc.com/my-lfc/join/options
https://forums.liverpoolfc.com/members/134992-7-Megabytes?s=708f7455a04f742409e85b62d32b2c58
javascript://
https://forums.liverpoolfc.com/search.php?searchid=9586413&pp=&page=2
https://forums.liverpoolfc.com/search.php?searchid=9586413&pp=
https://forums.liverpoolfc.com/search.php?searchid=9586413&pp=&page=2
javascript://
https://forums.liverpoolfc.com/search.php?searchid=9586413&pp=&page=4
https://forums.liverpoolfc.com/search.php?searchid=9586413&pp=&page=5
https://forums.liverpoolfc.com/search.php?searchid=9586413&pp=&page=6
https://forums.liverpoolfc.com/search.php?searchid=9586413&pp=&page=4
https://forums.liverpoolfc.com/threads/406079-Do-you-ever-feel-inferior-because-you-aren-t-as-good-at-football-as-some-players
https://forums.liverpoolfc.com/members/134992-7-Megabytes
https://forums.liverpoolfc.com/members/3027314-LFC-Simon95
https://forums.liverpoolfc.com/threads/406079-Do-you-ever-feel-inferior-because-you-aren-t-as-good-at-football-as-some-players?p=14547746#post14547746
https://forums.liverpoolfc.com/forums/8-LFCTV-GO-Football-Forum
https://forums.liverpoolfc.com/threads/405535-UK-football-coverage-landscape-in-recent-years
https://forums.liverpoolfc.com/members/134992-7-Megabytes
https://forums.liverpoolfc.com/members/3172570-RobertoBaggio94
https://forums.liverpoolfc.com/threads/405535-UK-football-coverage-landscape-in-recent-years?p=14454939#post14454939
https://forums.liverpoolfc.com/forums/8-LFCTV-GO-Football-Forum
https://forums.liverpoolfc.com/threads/405335-If-our-goalie-gets-sent-off-and-we-ve-used-all-our-subs
https://forums.liverpoolfc.com/members/134992-7-Megabytes
https://forums.liverpoolfc.com/members/1417599-Jonathon-E
https://forums.liverpoolfc.com/threads/405335-If-our-goalie-gets-sent-off-and-we-ve-used-all-our-subs?p=14425118#post14425118
https://forums.liverpoolfc.com/forums/8-LFCTV-GO-Football-Forum
https://forums.liverpoolfc.com/threads/405302-End-of-the-Storm-(Blu-Ray-Prime-Video-etc-)
https://forums.liverpoolfc.com/members/134992-7-Megabytes
https://forums.liverpoolfc.com/members/2047295-kloppovangarcia
https://forums.liverpoolfc.com/threads/405302-End-of-the-Storm-(Blu-Ray-Prime-Video-etc-)?p=14417135#post14417135
https://forums.liverpoolfc.com/forums/8-LFCTV-GO-Football-Forum
https://forums.liverpoolfc.com/threads/365581-For-each-letter-of-the-alphabet-name-a-first-football-player-that-comes-to-your-mind
https://forums.liverpoolfc.com/members/134992-7-Megabytes
https://forums.liverpoolfc.com/members/469703-ever-red-e
https://forums.liverpoolfc.com/threads/365581-For-each-letter-of-the-alphabet-name-a-first-football-player-that-comes-to-your-mind?p=14408892#post14408892
https://forums.liverpoolfc.com/forums/6-Other-Topics-Discussion
https://forums.liverpoolfc.com/threads/405238-Old-kop-chant-lyrics-quot-Li-ver-pool-quot-(to-the-tune-of-Jesus-Christ-Superstar)
https://forums.liverpoolfc.com/members/134992-7-Megabytes
https://forums.liverpoolfc.com/members/33716-FistofRage
https://forums.liverpoolfc.com/threads/405238-Old-kop-chant-lyrics-quot-Li-ver-pool-quot-(to-the-tune-of-Jesus-Christ-Superstar)?p=14408103#post14408103
https://forums.liverpoolfc.com/forums/8-LFCTV-GO-Football-Forum
https://forums.liverpoolfc.com/threads/405159-What-s-the-most-famous-European-stadium-Liverpool-have-never-played-in
https://forums.liverpoolfc.com/members/134992-7-Megabytes
https://forums.liverpoolfc.com/threads/405159-What-s-the-most-famous-European-stadium-Liverpool-have-never-played-in
https://forums.liverpoolfc.com/threads/405159-What-s-the-most-famous-European-stadium-Liverpool-have-never-played-in/page2
https://forums.liverpoolfc.com/members/134992-7-Megabytes
https://forums.liverpoolfc.com/threads/405159-What-s-the-most-famous-European-stadium-Liverpool-have-never-played-in?p=14398965#post14398965
https://forums.liverpoolfc.com/forums/8-LFCTV-GO-Football-Forum
https://forums.liverpoolfc.com/threads/405116-Well-Done-Klopp-for-calling-out-Sky
https://forums.liverpoolfc.com/members/134992-7-Megabytes
https://forums.liverpoolfc.com/threads/405116-Well-Done-Klopp-for-calling-out-Sky
https://forums.liverpoolfc.com/threads/405116-Well-Done-Klopp-for-calling-out-Sky/page2
https://forums.liverpoolfc.com/threads/405116-Well-Done-Klopp-for-calling-out-Sky/page3
https://forums.liverpoolfc.com/members/552035-FIOS
https://forums.liverpoolfc.com/threads/405116-Well-Done-Klopp-for-calling-out-Sky?p=14386694#post14386694
https://forums.liverpoolfc.com/forums/8-LFCTV-GO-Football-Forum
https://forums.liverpoolfc.com/threads/405097-Matches-you-don-t-remember-ever-taking-place
https://forums.liverpoolfc.com/members/134992-7-Megabytes
https://forums.liverpoolfc.com/threads/405097-Matches-you-don-t-remember-ever-taking-place
https://forums.liverpoolfc.com/threads/405097-Matches-you-don-t-remember-ever-taking-place/page2
https://forums.liverpoolfc.com/threads/405097-Matches-you-don-t-remember-ever-taking-place/page3
https://forums.liverpoolfc.com/members/134992-7-Megabytes
https://forums.liverpoolfc.com/threads/405097-Matches-you-don-t-remember-ever-taking-place?p=14384137#post14384137
https://forums.liverpoolfc.com/forums/8-LFCTV-GO-Football-Forum
https://forums.liverpoolfc.com/threads/405022-quot-If-I-m-honest-quot-vs-quot-To-be-honest-quot
https://forums.liverpoolfc.com/members/134992-7-Megabytes
https://forums.liverpoolfc.com/members/2162514-Mysteron007
https://forums.liverpoolfc.com/threads/405022-quot-If-I-m-honest-quot-vs-quot-To-be-honest-quot?p=14376546#post14376546
https://forums.liverpoolfc.com/forums/6-Other-Topics-Discussion
https://forums.liverpoolfc.com/threads/405021-Sgorio
https://forums.liverpoolfc.com/members/134992-7-Megabytes
https://forums.liverpoolfc.com/members/134992-7-Megabytes
https://forums.liverpoolfc.com/threads/405021-Sgorio?p=14373499#post14373499
https://forums.liverpoolfc.com/forums/8-LFCTV-GO-Football-Forum
https://forums.liverpoolfc.com/threads/404902-10-years-ago-time-machine
https://forums.liverpoolfc.com/members/134992-7-Megabytes
https://forums.liverpoolfc.com/members/754584-Euro-6-Times
https://forums.liverpoolfc.com/threads/404902-10-years-ago-time-machine?p=14349440#post14349440
https://forums.liverpoolfc.com/forums/8-LFCTV-GO-Football-Forum
https://forums.liverpoolfc.com/threads/404775-Who-s-the-best-choice-2nd-goalkeeper-you-ve-seen
https://forums.liverpoolfc.com/members/134992-7-Megabytes
https://forums.liverpoolfc.com/threads/404775-Who-s-the-best-choice-2nd-goalkeeper-you-ve-seen
https://forums.liverpoolfc.com/threads/404775-Who-s-the-best-choice-2nd-goalkeeper-you-ve-seen/page2
https://forums.liverpoolfc.com/members/2100736-Narfey-Narf
https://forums.liverpoolfc.com/threads/404775-Who-s-the-best-choice-2nd-goalkeeper-you-ve-seen?p=14332417#post14332417
https://forums.liverpoolfc.com/forums/8-LFCTV-GO-Football-Forum
https://forums.liverpoolfc.com/threads/404773-Reasons-to-be-cheerful
https://forums.liverpoolfc.com/members/134992-7-Megabytes
https://forums.liverpoolfc.com/members/4321752-johnjj147
https://forums.liverpoolfc.com/threads/404773-Reasons-to-be-cheerful?p=14327191#post14327191
https://forums.liverpoolfc.com/forums/8-LFCTV-GO-Football-Forum
https://forums.liverpoolfc.com/threads/404724-How-do-you-decide-whether-to-buy-a-new-kit-or-not
https://forums.liverpoolfc.com/members/134992-7-Megabytes
https://forums.liverpoolfc.com/members/1013749-tweepie
https://forums.liverpoolfc.com/threads/404724-How-do-you-decide-whether-to-buy-a-new-kit-or-not?p=14316231#post14316231
https://forums.liverpoolfc.com/forums/8-LFCTV-GO-Football-Forum
https://forums.liverpoolfc.com/threads/404677-Companies-that-have-been-immortalized-through-shirt-sponsorship
https://forums.liverpoolfc.com/members/134992-7-Megabytes
https://forums.liverpoolfc.com/threads/404677-Companies-that-have-been-immortalized-through-shirt-sponsorship
https://forums.liverpoolfc.com/threads/404677-Companies-that-have-been-immortalized-through-shirt-sponsorship/page2
https://forums.liverpoolfc.com/members/922336-Eggzys
https://forums.liverpoolfc.com/threads/404677-Companies-that-have-been-immortalized-through-shirt-sponsorship?p=14306328#post14306328
https://forums.liverpoolfc.com/forums/8-LFCTV-GO-Football-Forum
https://forums.liverpoolfc.com/threads/404560-Old-club-logo
https://forums.liverpoolfc.com/members/134992-7-Megabytes
https://forums.liverpoolfc.com/members/1273136-old-school
https://forums.liverpoolfc.com/threads/404560-Old-club-logo?p=14282306#post14282306
https://forums.liverpoolfc.com/forums/8-LFCTV-GO-Football-Forum
https://forums.liverpoolfc.com/threads/404537-Player(s)-you-witnessed-both-senior-debut-and-retirement-of
https://forums.liverpoolfc.com/members/134992-7-Megabytes
https://forums.liverpoolfc.com/members/1464615-Gegenpressing
https://forums.liverpoolfc.com/threads/404537-Player(s)-you-witnessed-both-senior-debut-and-retirement-of?p=14279457#post14279457
https://forums.liverpoolfc.com/forums/8-LFCTV-GO-Football-Forum
https://forums.liverpoolfc.com/threads/404436-What-was-the-first-CL-final-you-watched
https://forums.liverpoolfc.com/members/134992-7-Megabytes
https://forums.liverpoolfc.com/threads/404436-What-was-the-first-CL-final-you-watched
https://forums.liverpoolfc.com/threads/404436-What-was-the-first-CL-final-you-watched/page2
https://forums.liverpoolfc.com/members/692098-Paullfc1976
https://forums.liverpoolfc.com/threads/404436-What-was-the-first-CL-final-you-watched?p=14269421#post14269421
https://forums.liverpoolfc.com/forums/8-LFCTV-GO-Football-Forum
https://forums.liverpoolfc.com/threads/404296-When-did-LFC-fans-first-boo-the-national-anthem
https://forums.liverpoolfc.com/members/134992-7-Megabytes
https://forums.liverpoolfc.com/members/896559-KnottybackSte
https://forums.liverpoolfc.com/threads/404296-When-did-LFC-fans-first-boo-the-national-anthem?p=14240414#post14240414
https://forums.liverpoolfc.com/forums/8-LFCTV-GO-Football-Forum
https://forums.liverpoolfc.com/threads/404134-Is-anyone-else-bored-already
https://forums.liverpoolfc.com/members/134992-7-Megabytes
https://forums.liverpoolfc.com/members/12567-martimac
https://forums.liverpoolfc.com/threads/404134-Is-anyone-else-bored-already?p=14205865#post14205865
https://forums.liverpoolfc.com/forums/8-LFCTV-GO-Football-Forum
https://forums.liverpoolfc.com/threads/404096-Klopp-Quotes
https://forums.liverpoolfc.com/members/134992-7-Megabytes
https://forums.liverpoolfc.com/members/134992-7-Megabytes
https://forums.liverpoolfc.com/threads/404096-Klopp-Quotes?p=14201608#post14201608
https://forums.liverpoolfc.com/forums/8-LFCTV-GO-Football-Forum
https://forums.liverpoolfc.com/threads/404059-USA-Reds-NBC-Sports-quot-Throwback-30-quot-video-package
https://forums.liverpoolfc.com/members/134992-7-Megabytes
https://forums.liverpoolfc.com/members/134992-7-Megabytes
https://forums.liverpoolfc.com/threads/404059-USA-Reds-NBC-Sports-quot-Throwback-30-quot-video-package?p=14189922#post14189922
https://forums.liverpoolfc.com/forums/8-LFCTV-GO-Football-Forum
https://forums.liverpoolfc.com/threads/355331-Jordan-Henderson
https://forums.liverpoolfc.com/members/134992-7-Megabytes
https://forums.liverpoolfc.com/members/1033983-Liverpoolforme
https://forums.liverpoolfc.com/threads/355331-Jordan-Henderson?p=14189790#post14189790
https://forums.liverpoolfc.com/forums/8-LFCTV-GO-Football-Forum
https://forums.liverpoolfc.com/threads/403919-Famous-penalty-shootouts-excluding
https://forums.liverpoolfc.com/members/134992-7-Megabytes
https://forums.liverpoolfc.com/members/1013749-tweepie
https://forums.liverpoolfc.com/threads/403919-Famous-penalty-shootouts-excluding?p=14164547#post14164547
https://forums.liverpoolfc.com/forums/8-LFCTV-GO-Football-Forum
javascript://
https://forums.liverpoolfc.com/search.php?searchid=9586413&pp=&page=2
https://forums.liverpoolfc.com/search.php?searchid=9586413&pp=
https://forums.liverpoolfc.com/search.php?searchid=9586413&pp=&page=2
javascript://
https://forums.liverpoolfc.com/search.php?searchid=9586413&pp=&page=4
https://forums.liverpoolfc.com/search.php?searchid=9586413&pp=&page=5
https://forums.liverpoolfc.com/search.php?searchid=9586413&pp=&page=6
https://forums.liverpoolfc.com/search.php?searchid=9586413&pp=&page=4
https://www.liverpoolfc.com/
https://forums.liverpoolfc.com/archive/index.php
https://forums.liverpoolfc.com/search.php?searchid=9586413&pp=&page=3#top
https://www.liverpoolfc.com/legal/cookies
https://www.liverpoolfc.com/legal/cookies
https://www.onetrust.com/products/cookie-consent/
----------------------------------------- 
